<?xml version="1.0" encoding="UTF-8"?>
<results version="2">
    <cppcheck version="2.7"/>
    <errors>
        <error id="noExplicitConstructor" severity="style" msg="Class &apos;ChatBackend&apos; has a constructor with 1 argument that is not explicit." verbose="Class &apos;ChatBackend&apos; has a constructor with 1 argument that is not explicit. Such constructors should in general be explicit for type safety reasons. Using the explicit keyword in the constructor means some mistakes when using the class can be avoided." cwe="398" file0="backend/src/lib/chat/ChatBackend.cpp">
            <location file="backend/src/lib/chat/ChatBackend.hpp" line="12" column="5"/>
            <symbol>ChatBackend</symbol>
        </error>
        <error id="toomanyconfigs" severity="information" msg="Too many #ifdef configurations - cppcheck only checks 12 of 107 configurations. Use --force to check all configurations." verbose="The checking of the file will be interrupted because there are too many #ifdef configurations. Checking of all #ifdef configurations can be forced by --force command line option or from GUI preferences. However that may increase the checking time." cwe="398">
            <location file="backend/src/lib/chat/test.cpp" line="0" column="0"/>
        </error>
        <error id="preprocessorErrorDirective" severity="error" msg="failed to evaluate #if condition" verbose="failed to evaluate #if condition">
            <location file="backend/src/lib/chat/catch.hpp" line="319" column="0"/>
        </error>
        <error id="preprocessorErrorDirective" severity="error" msg="failed to evaluate #if condition" verbose="failed to evaluate #if condition">
            <location file="backend/src/lib/chat/catch.hpp" line="8444" column="0"/>
        </error>
        <error id="noValidConfiguration" severity="information" msg="This file is not analyzed. Cppcheck failed to extract a valid configuration. Use -v for more details." verbose="This file is not analyzed. Cppcheck failed to extract a valid configuration. The tested configurations have these preprocessor errors:\012&apos;&apos; : [backend/src/lib/chat/catch.hpp:319] failed to evaluate #if condition\012CATCH_ARC_ENABLED=0;CATCH_CONFIG_IMPL_ONLY;__OBJC__ : [backend/src/lib/chat/catch.hpp:8444] failed to evaluate #if condition\012CATCH_ARC_ENABLED=0;__OBJC__ : [backend/src/lib/chat/catch.hpp:319] failed to evaluate #if condition\012CATCH_CONFIG_ANDROID_LOGWRITE;CATCH_CONFIG_NO_ANDROID_LOGWRITE;CATCH_CONFIG_IMPL_ONLY : [backend/src/lib/chat/catch.hpp:8444] failed to evaluate #if condition\012CATCH_CONFIG_COLOUR_ANSI;CATCH_CONFIG_COLOUR_WINDOWS : [backend/src/lib/chat/catch.hpp:319] failed to evaluate #if condition\012CATCH_CONFIG_COUNTER;CATCH_CONFIG_NO_COUNTER;CATCH_CONFIG_IMPL_ONLY : [backend/src/lib/chat/catch.hpp:8444] failed to evaluate #if condition\012CATCH_CONFIG_CPP11_TO_STRING;CATCH_CONFIG_NO_CPP11_TO_STRING;CATCH_CONFIG_IMPL_ONLY : [backend/src/lib/chat/catch.hpp:8444] failed to evaluate #if condition\012CATCH_CONFIG_CPP17_BYTE;CATCH_CONFIG_NO_CPP17_BYTE;CATCH_CONFIG_IMPL_ONLY : [backend/src/lib/chat/catch.hpp:8444] failed to evaluate #if condition\012CATCH_CONFIG_CPP17_OPTIONAL;CATCH_CONFIG_NO_CPP17_OPTIONAL;CATCH_CONFIG_IMPL_ONLY : [backend/src/lib/chat/catch.hpp:8444] failed to evaluate #if condition\012CATCH_CONFIG_CPP17_STRING_VIEW;CATCH_CONFIG_NO_CPP17_STRING_VIEW;CATCH_CONFIG_IMPL_ONLY : [backend/src/lib/chat/catch.hpp:8444] failed to evaluate #if condition\012CATCH_CONFIG_CPP17_UNCAUGHT_EXCEPTIONS;CATCH_CONFIG_NO_CPP17_UNCAUGHT_EXCEPTIONS : [backend/src/lib/chat/catch.hpp:319] failed to evaluate #if condition\012CATCH_CONFIG_CPP17_VARIANT;CATCH_CONFIG_IMPL_ONLY : [backend/src/lib/chat/catch.hpp:8444] failed to evaluate #if condition\012CATCH_CONFIG_DISABLE;CATCH_CONFIG_DISABLE_MATCHERS;CATCH_CONFIG_IMPL_ONLY : [backend/src/lib/chat/catch.hpp:8444] failed to evaluate #if condition\012CATCH_CONFIG_DISABLE;CATCH_CONFIG_DISABLE_MATCHERS;CATCH_CONFIG_IMPL_ONLY;CATCH_CONFIG_PREFIX_ALL : [backend/src/lib/chat/catch.hpp:8444] failed to evaluate #if condition\012CATCH_CONFIG_DISABLE;CATCH_CONFIG_DISABLE_STRINGIFICATION;CATCH_CONFIG_IMPL_ONLY : [backend/src/lib/chat/catch.hpp:8444] failed to evaluate #if condition\012CATCH_CONFIG_DISABLE;CATCH_CONFIG_ENABLE_BENCHMARKING;CATCH_CONFIG_IMPL_ONLY : [backend/src/lib/chat/catch.hpp:8444] failed to evaluate #if condition\012CATCH_CONFIG_DISABLE;CATCH_CONFIG_ENABLE_BENCHMARKING;CATCH_CONFIG_IMPL_ONLY;CATCH_CONFIG_PREFIX_ALL : [backend/src/lib/chat/catch.hpp:8444] failed to evaluate #if condition\012CATCH_CONFIG_DISABLE;CATCH_CONFIG_FAST_COMPILE;CATCH_CONFIG_IMPL_ONLY : [backend/src/lib/chat/catch.hpp:8444] failed to evaluate #if condition\012CATCH_CONFIG_DISABLE;CATCH_CONFIG_IMPL_ONLY : [backend/src/lib/chat/catch.hpp:8444] failed to evaluate #if condition\012CATCH_CONFIG_DISABLE;CATCH_CONFIG_IMPL_ONLY;CATCH_CONFIG_PREFIX_ALL : [backend/src/lib/chat/catch.hpp:8444] failed to evaluate #if condition\012CATCH_CONFIG_DISABLE;CATCH_CONFIG_IMPL_ONLY;CATCH_CONFIG_PREFIX_ALL;CATCH_CONFIG_RUNTIME_STATIC_REQUIRE : [backend/src/lib/chat/catch.hpp:8444] failed to evaluate #if condition\012CATCH_CONFIG_DISABLE;CATCH_CONFIG_IMPL_ONLY;CATCH_CONFIG_RUNTIME_STATIC_REQUIRE : [backend/src/lib/chat/catch.hpp:8444] failed to evaluate #if condition\012CATCH_CONFIG_DISABLE_EXCEPTIONS;CATCH_CONFIG_IMPL_ONLY : [backend/src/lib/chat/catch.hpp:8444] failed to evaluate #if condition\012CATCH_CONFIG_DISABLE_EXCEPTIONS_CUSTOM_HANDLER : [backend/src/lib/chat/catch.hpp:319] failed to evaluate #if condition\012CATCH_CONFIG_DISABLE_MATCHERS : [backend/src/lib/chat/catch.hpp:319] failed to evaluate #if condition\012CATCH_CONFIG_DISABLE_MATCHERS;CATCH_CONFIG_IMPL_ONLY : [backend/src/lib/chat/catch.hpp:8444] failed to evaluate #if condition\012CATCH_CONFIG_DISABLE_MATCHERS;CATCH_CONFIG_IMPL_ONLY;CATCH_CONFIG_PREFIX_ALL : [backend/src/lib/chat/catch.hpp:8444] failed to evaluate #if condition\012CATCH_CONFIG_DISABLE_MATCHERS;CATCH_CONFIG_IMPL_ONLY;__OBJC__ : [backend/src/lib/chat/catch.hpp:8444] failed to evaluate #if condition\012CATCH_CONFIG_ENABLE_ALL_STRINGMAKERS;CATCH_CONFIG_IMPL_ONLY : [backend/src/lib/chat/catch.hpp:8444] failed to evaluate #if condition\012CATCH_CONFIG_ENABLE_BENCHMARKING : [backend/src/lib/chat/catch.hpp:319] failed to evaluate #if condition\012CATCH_CONFIG_ENABLE_BENCHMARKING;CATCH_CONFIG_IMPL_ONLY : [backend/src/lib/chat/catch.hpp:8444] failed to evaluate #if condition\012CATCH_CONFIG_ENABLE_BENCHMARKING;CATCH_CONFIG_IMPL_ONLY;_MSC_VER : [backend/src/lib/chat/catch.hpp:8444] failed to evaluate #if condition\012CATCH_CONFIG_ENABLE_BENCHMARKING;CATCH_CONFIG_IMPL_ONLY;__GNUC__;__clang__ : [backend/src/lib/chat/catch.hpp:8444] failed to evaluate #if condition\012CATCH_CONFIG_ENABLE_BENCHMARKING;CATCH_CONFIG_IMPL_ONLY;__clang__ : [backend/src/lib/chat/catch.hpp:8444] failed to evaluate #if condition\012CATCH_CONFIG_ENABLE_CHRONO_STRINGMAKER : [backend/src/lib/chat/catch.hpp:319] failed to evaluate #if condition\012CATCH_CONFIG_EXPERIMENTAL_REDIRECT : [backend/src/lib/chat/catch.hpp:319] failed to evaluate #if condition\012CATCH_CONFIG_EXPERIMENTAL_REDIRECT;CATCH_CONFIG_IMPL_ONLY : [backend/src/lib/chat/catch.hpp:8444] failed to evaluate #if condition\012CATCH_CONFIG_FALLBACK_STRINGIFIER;CATCH_CONFIG_IMPL_ONLY : [backend/src/lib/chat/catch.hpp:8444] failed to evaluate #if condition\012CATCH_CONFIG_GLOBAL_NEXTAFTER;CATCH_CONFIG_NO_GLOBAL_NEXTAFTER;CATCH_CONFIG_IMPL_ONLY : [backend/src/lib/chat/catch.hpp:8444] failed to evaluate #if condition\012CATCH_CONFIG_IMPL_ONLY : [backend/src/lib/chat/catch.hpp:8444] failed to evaluate #if condition\012CATCH_CONFIG_IMPL_ONLY;CATCH_CONFIG_NEW_CAPTURE;CATCH_CONFIG_NO_NEW_CAPTURE : [backend/src/lib/chat/catch.hpp:8444] failed to evaluate #if condition\012CATCH_CONFIG_IMPL_ONLY;CATCH_CONFIG_NO_POLYFILL_ISNAN;CATCH_CONFIG_POLYFILL_ISNAN : [backend/src/lib/chat/catch.hpp:8444] failed to evaluate #if condition\012CATCH_CONFIG_IMPL_ONLY;CATCH_CONFIG_NO_POSIX_SIGNALS;CATCH_CONFIG_POSIX_SIGNALS : [backend/src/lib/chat/catch.hpp:8444] failed to evaluate #if condition\012CATCH_CONFIG_IMPL_ONLY;CATCH_CONFIG_NO_TRADITIONAL_MSVC_PREPROCESSOR;CATCH_CONFIG_TRADITIONAL_MSVC_PREPROCESSOR : [backend/src/lib/chat/catch.hpp:8444] failed to evaluate #if condition\012CATCH_CONFIG_IMPL_ONLY;CATCH_CONFIG_NO_USE_ASYNC;CATCH_CONFIG_USE_ASYNC : [backend/src/lib/chat/catch.hpp:8444] failed to evaluate #if condition\012CATCH_CONFIG_IMPL_ONLY;CATCH_CONFIG_NO_WCHAR;CATCH_CONFIG_WCHAR : [backend/src/lib/chat/catch.hpp:8444] failed to evaluate #if condition\012CATCH_CONFIG_IMPL_ONLY;CATCH_CONFIG_NO_WINDOWS_SEH;CATCH_CONFIG_WINDOWS_SEH : [backend/src/lib/chat/catch.hpp:8444] failed to evaluate #if condition\012CATCH_CONFIG_IMPL_ONLY;CATCH_CONFIG_PREFIX_ALL : [backend/src/lib/chat/catch.hpp:8444] failed to evaluate #if condition\012CATCH_CONFIG_IMPL_ONLY;RTX64_BUILD;UNDER_RTSS : [backend/src/lib/chat/catch.hpp:8444] failed to evaluate #if condition\012CATCH_CONFIG_IMPL_ONLY;TARGET_OS_IPHONE;__APPLE__ : [backend/src/lib/chat/catch.hpp:8444] failed to evaluate #if condition\012CATCH_CONFIG_IMPL_ONLY;TARGET_OS_MAC;TARGET_OS_OSX;__APPLE__ : [backend/src/lib/chat/catch.hpp:8444] failed to evaluate #if condition\012CATCH_CONFIG_IMPL_ONLY;WIN32;_MSC_VER;_WIN32;__MINGW32__;__WIN32__ : [backend/src/lib/chat/catch.hpp:8444] failed to evaluate #if condition\012CATCH_CONFIG_IMPL_ONLY;WINAPI_FAMILY;_MSC_VER : [backend/src/lib/chat/catch.hpp:8444] failed to evaluate #if condition\012CATCH_CONFIG_IMPL_ONLY;_CPPUNWIND;__EXCEPTIONS;__cpp_exceptions : [backend/src/lib/chat/catch.hpp:8444] failed to evaluate #if condition\012CATCH_CONFIG_IMPL_ONLY;_GLIBCXX_RELEASE;__GLIBCXX__;__clang__;__has_include : [backend/src/lib/chat/catch.hpp:8444] failed to evaluate #if condition\012CATCH_CONFIG_IMPL_ONLY;_GLIBCXX_USE_C99_MATH_TR1 : [backend/src/lib/chat/catch.hpp:8444] failed to evaluate #if condition\012CATCH_CONFIG_IMPL_ONLY;_MANAGED : [backend/src/lib/chat/catch.hpp:8444] failed to evaluate #if condition\012CATCH_CONFIG_IMPL_ONLY;_MSC_VER : [backend/src/lib/chat/catch.hpp:8444] failed to evaluate #if condition\012CATCH_CONFIG_IMPL_ONLY;_MSC_VER;_MSVC_TRADITIONAL;__clang__ : [backend/src/lib/chat/catch.hpp:8444] failed to evaluate #if condition\012CATCH_CONFIG_IMPL_ONLY;_MSC_VER;_REENTRANT : [backend/src/lib/chat/catch.hpp:8444] failed to evaluate #if condition\012CATCH_CONFIG_IMPL_ONLY;_MSC_VER;__clang__ : [backend/src/lib/chat/catch.hpp:8444] failed to evaluate #if condition\012CATCH_CONFIG_IMPL_ONLY;_MSVC_LANG : [backend/src/lib/chat/catch.hpp:8444] failed to evaluate #if condition\012CATCH_CONFIG_IMPL_ONLY;__ANDROID__ : [backend/src/lib/chat/catch.hpp:8444] failed to evaluate #if condition\012CATCH_CONFIG_IMPL_ONLY;__APPLE__ : [backend/src/lib/chat/catch.hpp:8444] failed to evaluate #if condition\012CATCH_CONFIG_IMPL_ONLY;__APPLE__;__apple_build_version__ : [backend/src/lib/chat/catch.hpp:8444] failed to evaluate #if condition\012CATCH_CONFIG_IMPL_ONLY;__BORLANDC__ : [backend/src/lib/chat/catch.hpp:8444] failed to evaluate #if condition\012CATCH_CONFIG_IMPL_ONLY;__CUDACC__;__GNUC__;__ICC;__LCC__;__clang__ : [backend/src/lib/chat/catch.hpp:8444] failed to evaluate #if condition\012CATCH_CONFIG_IMPL_ONLY;__CUDACC__;__ibmxl__;__clang__ : [backend/src/lib/chat/catch.hpp:8444] failed to evaluate #if condition\012CATCH_CONFIG_IMPL_ONLY;__CYGWIN__ : [backend/src/lib/chat/catch.hpp:8444] failed to evaluate #if condition\012CATCH_CONFIG_IMPL_ONLY;__CYGWIN__;__DJGPP__;__EMSCRIPTEN__;__QNX__ : [backend/src/lib/chat/catch.hpp:8444] failed to evaluate #if condition\012CATCH_CONFIG_IMPL_ONLY;__DJGPP__ : [backend/src/lib/chat/catch.hpp:8444] failed to evaluate #if condition\012CATCH_CONFIG_IMPL_ONLY;__JETBRAINS_IDE__ : [backend/src/lib/chat/catch.hpp:8444] failed to evaluate #if condition\012CATCH_CONFIG_IMPL_ONLY;__MINGW32__ : [backend/src/lib/chat/catch.hpp:8444] failed to evaluate #if condition\012CATCH_CONFIG_IMPL_ONLY;__OBJC__ : [backend/src/lib/chat/catch.hpp:8444] failed to evaluate #if condition\012CATCH_CONFIG_IMPL_ONLY;__OBJC__;__clang__ : [backend/src/lib/chat/catch.hpp:8444] failed to evaluate #if condition\012CATCH_CONFIG_IMPL_ONLY;__OBJC__;__has_feature : [backend/src/lib/chat/catch.hpp:8444] failed to evaluate #if condition\012CATCH_CONFIG_IMPL_ONLY;__ORBIS__ : [backend/src/lib/chat/catch.hpp:8444] failed to evaluate #if condition\012CATCH_CONFIG_IMPL_ONLY;__OS400__ : [backend/src/lib/chat/catch.hpp:8444] failed to evaluate #if condition\012CATCH_CONFIG_IMPL_ONLY;__clang__ : [backend/src/lib/chat/catch.hpp:8444] failed to evaluate #if condition\012CATCH_CONFIG_IMPL_ONLY;__clang__;__has_include : [backend/src/lib/chat/catch.hpp:8444] failed to evaluate #if condition\012CATCH_CONFIG_IMPL_ONLY;__cpp_lib_byte;__has_include : [backend/src/lib/chat/catch.hpp:8444] failed to evaluate #if condition\012CATCH_CONFIG_IMPL_ONLY;__cpp_lib_is_invocable : [backend/src/lib/chat/catch.hpp:8444] failed to evaluate #if condition\012CATCH_CONFIG_IMPL_ONLY;__has_include : [backend/src/lib/chat/catch.hpp:8444] failed to evaluate #if condition\012CATCH_CONFIG_IMPL_ONLY;__linux;__linux__;linux : [backend/src/lib/chat/catch.hpp:8444] failed to evaluate #if condition\012CATCH_CONFIG_NO_NOMINMAX;NOMINMAX : [backend/src/lib/chat/catch.hpp:319] failed to evaluate #if condition\012CATCH_CONFIG_NO_WIN32_LEAN_AND_MEAN;WIN32_LEAN_AND_MEAN : [backend/src/lib/chat/catch.hpp:319] failed to evaluate #if condition\012CATCH_CONFIG_RUNNER : [backend/src/lib/chat/catch.hpp:319] failed to evaluate #if condition\012CATCH_CONFIG_WINDOWS_CRTDBG : [backend/src/lib/chat/catch.hpp:319] failed to evaluate #if condition\012CLARA_CONFIG_CONSOLE_WIDTH : [backend/src/lib/chat/catch.hpp:319] failed to evaluate #if condition\012DO_NOT_USE_WMAIN;_UNICODE : [backend/src/lib/chat/catch.hpp:319] failed to evaluate #if condition\012UNICODE;_WIN32 : [backend/src/lib/chat/catch.hpp:319] failed to evaluate #if condition\012WIN32;_MSC_VER;_WIN32;__WIN32__ : [backend/src/lib/chat/catch.hpp:319] failed to evaluate #if condition\012_MSC_VER : [backend/src/lib/chat/catch.hpp:319] failed to evaluate #if condition\012__AFXDLL : [backend/src/lib/chat/catch.hpp:319] failed to evaluate #if condition\012__GNUC__ : [backend/src/lib/chat/catch.hpp:319] failed to evaluate #if condition\012__GNUC__;__i386;__x86_64 : [backend/src/lib/chat/catch.hpp:319] failed to evaluate #if condition\012__GNUG__ : [backend/src/lib/chat/catch.hpp:319] failed to evaluate #if condition\012__ICC;__clang__ : [backend/src/lib/chat/catch.hpp:319] failed to evaluate #if condition\012__MINGW32__ : [backend/src/lib/chat/catch.hpp:319] failed to evaluate #if condition\012__OBJC__ : [backend/src/lib/chat/catch.hpp:319] failed to evaluate #if condition\012__aarch64__ : [backend/src/lib/chat/catch.hpp:319] failed to evaluate #if condition\012__apple_build_version__ : [backend/src/lib/chat/catch.hpp:319] failed to evaluate #if condition\012__arm__;__thumb__ : [backend/src/lib/chat/catch.hpp:319] failed to evaluate #if condition\012__clang__ : [backend/src/lib/chat/catch.hpp:319] failed to evaluate #if condition\012__cpp_lib_uncaught_exceptions : [backend/src/lib/chat/catch.hpp:319] failed to evaluate #if condition\012__has_include : [backend/src/lib/chat/catch.hpp:319] failed to evaluate #if condition\012__i386__;__x86_64__ : [backend/src/lib/chat/catch.hpp:319] failed to evaluate #if condition" file0="backend/src/lib/chat/test.cpp">
            <location file="backend/src/lib/chat/test.cpp" line="0" column="0"/>
        </error>
        <error id="noExplicitConstructor" severity="style" msg="Class &apos;Player&apos; has a constructor with 1 argument that is not explicit." verbose="Class &apos;Player&apos; has a constructor with 1 argument that is not explicit. Such constructors should in general be explicit for type safety reasons. Using the explicit keyword in the constructor means some mistakes when using the class can be avoided." cwe="398" file0="backend/src/lib/game/game.cpp">
            <location file="backend/src/lib/game/player.hpp" line="15" column="5"/>
            <symbol>Player</symbol>
        </error>
        <error id="variableScope" severity="style" msg="The scope of the variable &apos;check&apos; can be reduced." verbose="The scope of the variable &apos;check&apos; can be reduced. Warning: Be careful when fixing this message, especially when there are inner loops. Here is an example where cppcheck will write that the scope for &apos;i&apos; can be reduced:\012void f(int x)\012{\012    int i = 0;\012    if (x) {\012        // it&apos;s safe to move &apos;int i = 0;&apos; here\012        for (int n = 0; n &lt; 10; ++n) {\012            // it is possible but not safe to move &apos;int i = 0;&apos; here\012            do_something(&amp;i);\012        }\012    }\012}\012When you see this message it is always safe to reduce the variable scope 1 level." cwe="398" file0="backend/src/lib/game/game.cpp">
            <location file="backend/src/lib/game/game.cpp" line="297" column="10"/>
            <symbol>check</symbol>
        </error>
        <error id="shadowVariable" severity="style" msg="Local variable &apos;p&apos; shadows outer variable" verbose="Local variable &apos;p&apos; shadows outer variable" cwe="398" file0="backend/src/lib/game/game.cpp">
            <location file="backend/src/lib/game/game.cpp" line="347" column="15" info="Shadow variable"/>
            <location file="backend/src/lib/game/game.cpp" line="318" column="17" info="Shadowed declaration"/>
            <symbol>p</symbol>
        </error>
        <error id="shadowVariable" severity="style" msg="Local variable &apos;p&apos; shadows outer variable" verbose="Local variable &apos;p&apos; shadows outer variable" cwe="398" file0="backend/src/lib/game/game.cpp">
            <location file="backend/src/lib/game/game.cpp" line="356" column="15" info="Shadow variable"/>
            <location file="backend/src/lib/game/game.cpp" line="318" column="17" info="Shadowed declaration"/>
            <symbol>p</symbol>
        </error>
        <error id="passedByValue" severity="performance" msg="Function parameter &apos;strGamePhase&apos; should be passed by const reference." verbose="Parameter &apos;strGamePhase&apos; is passed by value. It could be passed as a const reference which is usually faster and recommended in C++." cwe="398" file0="backend/src/lib/game/game.cpp">
            <location file="backend/src/lib/game/game.cpp" line="466" column="44"/>
            <symbol>strGamePhase</symbol>
        </error>
        <error id="useInitializationList" severity="performance" msg="Variable &apos;m_username&apos; is assigned in constructor body. Consider performing initialization in initialization list." verbose="When an object of a class is created, the constructors of all member variables are called consecutively in the order the variables are declared, even if you don&apos;t explicitly write them to the initialization list. You could avoid assigning &apos;m_username&apos; a value by passing the value to the constructor in the initialization list." cwe="398" file0="backend/src/lib/game/player.cpp">
            <location file="backend/src/lib/game/player.cpp" line="6" column="5"/>
            <symbol>m_username</symbol>
        </error>
        <error id="useInitializationList" severity="performance" msg="Variable &apos;m_hand&apos; is assigned in constructor body. Consider performing initialization in initialization list." verbose="When an object of a class is created, the constructors of all member variables are called consecutively in the order the variables are declared, even if you don&apos;t explicitly write them to the initialization list. You could avoid assigning &apos;m_hand&apos; a value by passing the value to the constructor in the initialization list." cwe="398" file0="backend/src/lib/game/player.cpp">
            <location file="backend/src/lib/game/player.cpp" line="9" column="5"/>
            <symbol>m_hand</symbol>
        </error>
        <error id="useInitializationList" severity="performance" msg="Variable &apos;m_username&apos; is assigned in constructor body. Consider performing initialization in initialization list." verbose="When an object of a class is created, the constructors of all member variables are called consecutively in the order the variables are declared, even if you don&apos;t explicitly write them to the initialization list. You could avoid assigning &apos;m_username&apos; a value by passing the value to the constructor in the initialization list." cwe="398" file0="backend/src/lib/game/player.cpp">
            <location file="backend/src/lib/game/player.cpp" line="14" column="5"/>
            <symbol>m_username</symbol>
        </error>
        <error id="passedByValue" severity="performance" msg="Function parameter &apos;userName&apos; should be passed by const reference." verbose="Parameter &apos;userName&apos; is passed by value. It could be passed as a const reference which is usually faster and recommended in C++." cwe="398" file0="backend/src/lib/game/player.cpp">
            <location file="backend/src/lib/game/player.cpp" line="5" column="28"/>
            <symbol>userName</symbol>
        </error>
        <error id="passedByValue" severity="performance" msg="Function parameter &apos;hand&apos; should be passed by const reference." verbose="Parameter &apos;hand&apos; is passed by value. It could be passed as a const reference which is usually faster and recommended in C++." cwe="398" file0="backend/src/lib/game/player.cpp">
            <location file="backend/src/lib/game/player.cpp" line="5" column="75"/>
            <symbol>hand</symbol>
        </error>
        <error id="useStlAlgorithm" severity="style" msg="Consider using std::transform algorithm instead of a raw loop." verbose="Consider using std::transform algorithm instead of a raw loop." cwe="398" file0="backend/src/lib/game/player.cpp">
            <location file="backend/src/lib/game/player.cpp" line="89" column="26"/>
        </error>
        <error id="toomanyconfigs" severity="information" msg="Too many #ifdef configurations - cppcheck only checks 12 of 107 configurations. Use --force to check all configurations." verbose="The checking of the file will be interrupted because there are too many #ifdef configurations. Checking of all #ifdef configurations can be forced by --force command line option or from GUI preferences. However that may increase the checking time." cwe="398">
            <location file="backend/src/lib/game/test.cpp" line="0" column="0"/>
        </error>
        <error id="preprocessorErrorDirective" severity="error" msg="failed to evaluate #if condition" verbose="failed to evaluate #if condition">
            <location file="backend/src/lib/game/catch.hpp" line="319" column="0"/>
        </error>
        <error id="preprocessorErrorDirective" severity="error" msg="failed to evaluate #if condition" verbose="failed to evaluate #if condition">
            <location file="backend/src/lib/game/catch.hpp" line="8444" column="0"/>
        </error>
        <error id="noValidConfiguration" severity="information" msg="This file is not analyzed. Cppcheck failed to extract a valid configuration. Use -v for more details." verbose="This file is not analyzed. Cppcheck failed to extract a valid configuration. The tested configurations have these preprocessor errors:\012&apos;&apos; : [backend/src/lib/game/catch.hpp:319] failed to evaluate #if condition\012CATCH_ARC_ENABLED=0;CATCH_CONFIG_IMPL_ONLY;__OBJC__ : [backend/src/lib/game/catch.hpp:8444] failed to evaluate #if condition\012CATCH_ARC_ENABLED=0;__OBJC__ : [backend/src/lib/game/catch.hpp:319] failed to evaluate #if condition\012CATCH_CONFIG_ANDROID_LOGWRITE;CATCH_CONFIG_NO_ANDROID_LOGWRITE;CATCH_CONFIG_IMPL_ONLY : [backend/src/lib/game/catch.hpp:8444] failed to evaluate #if condition\012CATCH_CONFIG_COLOUR_ANSI;CATCH_CONFIG_COLOUR_WINDOWS : [backend/src/lib/game/catch.hpp:319] failed to evaluate #if condition\012CATCH_CONFIG_COUNTER;CATCH_CONFIG_NO_COUNTER;CATCH_CONFIG_IMPL_ONLY : [backend/src/lib/game/catch.hpp:8444] failed to evaluate #if condition\012CATCH_CONFIG_CPP11_TO_STRING;CATCH_CONFIG_NO_CPP11_TO_STRING;CATCH_CONFIG_IMPL_ONLY : [backend/src/lib/game/catch.hpp:8444] failed to evaluate #if condition\012CATCH_CONFIG_CPP17_BYTE;CATCH_CONFIG_NO_CPP17_BYTE;CATCH_CONFIG_IMPL_ONLY : [backend/src/lib/game/catch.hpp:8444] failed to evaluate #if condition\012CATCH_CONFIG_CPP17_OPTIONAL;CATCH_CONFIG_NO_CPP17_OPTIONAL;CATCH_CONFIG_IMPL_ONLY : [backend/src/lib/game/catch.hpp:8444] failed to evaluate #if condition\012CATCH_CONFIG_CPP17_STRING_VIEW;CATCH_CONFIG_NO_CPP17_STRING_VIEW;CATCH_CONFIG_IMPL_ONLY : [backend/src/lib/game/catch.hpp:8444] failed to evaluate #if condition\012CATCH_CONFIG_CPP17_UNCAUGHT_EXCEPTIONS;CATCH_CONFIG_NO_CPP17_UNCAUGHT_EXCEPTIONS : [backend/src/lib/game/catch.hpp:319] failed to evaluate #if condition\012CATCH_CONFIG_CPP17_VARIANT;CATCH_CONFIG_IMPL_ONLY : [backend/src/lib/game/catch.hpp:8444] failed to evaluate #if condition\012CATCH_CONFIG_DISABLE;CATCH_CONFIG_DISABLE_MATCHERS;CATCH_CONFIG_IMPL_ONLY : [backend/src/lib/game/catch.hpp:8444] failed to evaluate #if condition\012CATCH_CONFIG_DISABLE;CATCH_CONFIG_DISABLE_MATCHERS;CATCH_CONFIG_IMPL_ONLY;CATCH_CONFIG_PREFIX_ALL : [backend/src/lib/game/catch.hpp:8444] failed to evaluate #if condition\012CATCH_CONFIG_DISABLE;CATCH_CONFIG_DISABLE_STRINGIFICATION;CATCH_CONFIG_IMPL_ONLY : [backend/src/lib/game/catch.hpp:8444] failed to evaluate #if condition\012CATCH_CONFIG_DISABLE;CATCH_CONFIG_ENABLE_BENCHMARKING;CATCH_CONFIG_IMPL_ONLY : [backend/src/lib/game/catch.hpp:8444] failed to evaluate #if condition\012CATCH_CONFIG_DISABLE;CATCH_CONFIG_ENABLE_BENCHMARKING;CATCH_CONFIG_IMPL_ONLY;CATCH_CONFIG_PREFIX_ALL : [backend/src/lib/game/catch.hpp:8444] failed to evaluate #if condition\012CATCH_CONFIG_DISABLE;CATCH_CONFIG_FAST_COMPILE;CATCH_CONFIG_IMPL_ONLY : [backend/src/lib/game/catch.hpp:8444] failed to evaluate #if condition\012CATCH_CONFIG_DISABLE;CATCH_CONFIG_IMPL_ONLY : [backend/src/lib/game/catch.hpp:8444] failed to evaluate #if condition\012CATCH_CONFIG_DISABLE;CATCH_CONFIG_IMPL_ONLY;CATCH_CONFIG_PREFIX_ALL : [backend/src/lib/game/catch.hpp:8444] failed to evaluate #if condition\012CATCH_CONFIG_DISABLE;CATCH_CONFIG_IMPL_ONLY;CATCH_CONFIG_PREFIX_ALL;CATCH_CONFIG_RUNTIME_STATIC_REQUIRE : [backend/src/lib/game/catch.hpp:8444] failed to evaluate #if condition\012CATCH_CONFIG_DISABLE;CATCH_CONFIG_IMPL_ONLY;CATCH_CONFIG_RUNTIME_STATIC_REQUIRE : [backend/src/lib/game/catch.hpp:8444] failed to evaluate #if condition\012CATCH_CONFIG_DISABLE_EXCEPTIONS;CATCH_CONFIG_IMPL_ONLY : [backend/src/lib/game/catch.hpp:8444] failed to evaluate #if condition\012CATCH_CONFIG_DISABLE_EXCEPTIONS_CUSTOM_HANDLER : [backend/src/lib/game/catch.hpp:319] failed to evaluate #if condition\012CATCH_CONFIG_DISABLE_MATCHERS : [backend/src/lib/game/catch.hpp:319] failed to evaluate #if condition\012CATCH_CONFIG_DISABLE_MATCHERS;CATCH_CONFIG_IMPL_ONLY : [backend/src/lib/game/catch.hpp:8444] failed to evaluate #if condition\012CATCH_CONFIG_DISABLE_MATCHERS;CATCH_CONFIG_IMPL_ONLY;CATCH_CONFIG_PREFIX_ALL : [backend/src/lib/game/catch.hpp:8444] failed to evaluate #if condition\012CATCH_CONFIG_DISABLE_MATCHERS;CATCH_CONFIG_IMPL_ONLY;__OBJC__ : [backend/src/lib/game/catch.hpp:8444] failed to evaluate #if condition\012CATCH_CONFIG_ENABLE_ALL_STRINGMAKERS;CATCH_CONFIG_IMPL_ONLY : [backend/src/lib/game/catch.hpp:8444] failed to evaluate #if condition\012CATCH_CONFIG_ENABLE_BENCHMARKING : [backend/src/lib/game/catch.hpp:319] failed to evaluate #if condition\012CATCH_CONFIG_ENABLE_BENCHMARKING;CATCH_CONFIG_IMPL_ONLY : [backend/src/lib/game/catch.hpp:8444] failed to evaluate #if condition\012CATCH_CONFIG_ENABLE_BENCHMARKING;CATCH_CONFIG_IMPL_ONLY;_MSC_VER : [backend/src/lib/game/catch.hpp:8444] failed to evaluate #if condition\012CATCH_CONFIG_ENABLE_BENCHMARKING;CATCH_CONFIG_IMPL_ONLY;__GNUC__;__clang__ : [backend/src/lib/game/catch.hpp:8444] failed to evaluate #if condition\012CATCH_CONFIG_ENABLE_BENCHMARKING;CATCH_CONFIG_IMPL_ONLY;__clang__ : [backend/src/lib/game/catch.hpp:8444] failed to evaluate #if condition\012CATCH_CONFIG_ENABLE_CHRONO_STRINGMAKER : [backend/src/lib/game/catch.hpp:319] failed to evaluate #if condition\012CATCH_CONFIG_EXPERIMENTAL_REDIRECT : [backend/src/lib/game/catch.hpp:319] failed to evaluate #if condition\012CATCH_CONFIG_EXPERIMENTAL_REDIRECT;CATCH_CONFIG_IMPL_ONLY : [backend/src/lib/game/catch.hpp:8444] failed to evaluate #if condition\012CATCH_CONFIG_FALLBACK_STRINGIFIER;CATCH_CONFIG_IMPL_ONLY : [backend/src/lib/game/catch.hpp:8444] failed to evaluate #if condition\012CATCH_CONFIG_GLOBAL_NEXTAFTER;CATCH_CONFIG_NO_GLOBAL_NEXTAFTER;CATCH_CONFIG_IMPL_ONLY : [backend/src/lib/game/catch.hpp:8444] failed to evaluate #if condition\012CATCH_CONFIG_IMPL_ONLY : [backend/src/lib/game/catch.hpp:8444] failed to evaluate #if condition\012CATCH_CONFIG_IMPL_ONLY;CATCH_CONFIG_NEW_CAPTURE;CATCH_CONFIG_NO_NEW_CAPTURE : [backend/src/lib/game/catch.hpp:8444] failed to evaluate #if condition\012CATCH_CONFIG_IMPL_ONLY;CATCH_CONFIG_NO_POLYFILL_ISNAN;CATCH_CONFIG_POLYFILL_ISNAN : [backend/src/lib/game/catch.hpp:8444] failed to evaluate #if condition\012CATCH_CONFIG_IMPL_ONLY;CATCH_CONFIG_NO_POSIX_SIGNALS;CATCH_CONFIG_POSIX_SIGNALS : [backend/src/lib/game/catch.hpp:8444] failed to evaluate #if condition\012CATCH_CONFIG_IMPL_ONLY;CATCH_CONFIG_NO_TRADITIONAL_MSVC_PREPROCESSOR;CATCH_CONFIG_TRADITIONAL_MSVC_PREPROCESSOR : [backend/src/lib/game/catch.hpp:8444] failed to evaluate #if condition\012CATCH_CONFIG_IMPL_ONLY;CATCH_CONFIG_NO_USE_ASYNC;CATCH_CONFIG_USE_ASYNC : [backend/src/lib/game/catch.hpp:8444] failed to evaluate #if condition\012CATCH_CONFIG_IMPL_ONLY;CATCH_CONFIG_NO_WCHAR;CATCH_CONFIG_WCHAR : [backend/src/lib/game/catch.hpp:8444] failed to evaluate #if condition\012CATCH_CONFIG_IMPL_ONLY;CATCH_CONFIG_NO_WINDOWS_SEH;CATCH_CONFIG_WINDOWS_SEH : [backend/src/lib/game/catch.hpp:8444] failed to evaluate #if condition\012CATCH_CONFIG_IMPL_ONLY;CATCH_CONFIG_PREFIX_ALL : [backend/src/lib/game/catch.hpp:8444] failed to evaluate #if condition\012CATCH_CONFIG_IMPL_ONLY;RTX64_BUILD;UNDER_RTSS : [backend/src/lib/game/catch.hpp:8444] failed to evaluate #if condition\012CATCH_CONFIG_IMPL_ONLY;TARGET_OS_IPHONE;__APPLE__ : [backend/src/lib/game/catch.hpp:8444] failed to evaluate #if condition\012CATCH_CONFIG_IMPL_ONLY;TARGET_OS_MAC;TARGET_OS_OSX;__APPLE__ : [backend/src/lib/game/catch.hpp:8444] failed to evaluate #if condition\012CATCH_CONFIG_IMPL_ONLY;WIN32;_MSC_VER;_WIN32;__MINGW32__;__WIN32__ : [backend/src/lib/game/catch.hpp:8444] failed to evaluate #if condition\012CATCH_CONFIG_IMPL_ONLY;WINAPI_FAMILY;_MSC_VER : [backend/src/lib/game/catch.hpp:8444] failed to evaluate #if condition\012CATCH_CONFIG_IMPL_ONLY;_CPPUNWIND;__EXCEPTIONS;__cpp_exceptions : [backend/src/lib/game/catch.hpp:8444] failed to evaluate #if condition\012CATCH_CONFIG_IMPL_ONLY;_GLIBCXX_RELEASE;__GLIBCXX__;__clang__;__has_include : [backend/src/lib/game/catch.hpp:8444] failed to evaluate #if condition\012CATCH_CONFIG_IMPL_ONLY;_GLIBCXX_USE_C99_MATH_TR1 : [backend/src/lib/game/catch.hpp:8444] failed to evaluate #if condition\012CATCH_CONFIG_IMPL_ONLY;_MANAGED : [backend/src/lib/game/catch.hpp:8444] failed to evaluate #if condition\012CATCH_CONFIG_IMPL_ONLY;_MSC_VER : [backend/src/lib/game/catch.hpp:8444] failed to evaluate #if condition\012CATCH_CONFIG_IMPL_ONLY;_MSC_VER;_MSVC_TRADITIONAL;__clang__ : [backend/src/lib/game/catch.hpp:8444] failed to evaluate #if condition\012CATCH_CONFIG_IMPL_ONLY;_MSC_VER;_REENTRANT : [backend/src/lib/game/catch.hpp:8444] failed to evaluate #if condition\012CATCH_CONFIG_IMPL_ONLY;_MSC_VER;__clang__ : [backend/src/lib/game/catch.hpp:8444] failed to evaluate #if condition\012CATCH_CONFIG_IMPL_ONLY;_MSVC_LANG : [backend/src/lib/game/catch.hpp:8444] failed to evaluate #if condition\012CATCH_CONFIG_IMPL_ONLY;__ANDROID__ : [backend/src/lib/game/catch.hpp:8444] failed to evaluate #if condition\012CATCH_CONFIG_IMPL_ONLY;__APPLE__ : [backend/src/lib/game/catch.hpp:8444] failed to evaluate #if condition\012CATCH_CONFIG_IMPL_ONLY;__APPLE__;__apple_build_version__ : [backend/src/lib/game/catch.hpp:8444] failed to evaluate #if condition\012CATCH_CONFIG_IMPL_ONLY;__BORLANDC__ : [backend/src/lib/game/catch.hpp:8444] failed to evaluate #if condition\012CATCH_CONFIG_IMPL_ONLY;__CUDACC__;__GNUC__;__ICC;__LCC__;__clang__ : [backend/src/lib/game/catch.hpp:8444] failed to evaluate #if condition\012CATCH_CONFIG_IMPL_ONLY;__CUDACC__;__ibmxl__;__clang__ : [backend/src/lib/game/catch.hpp:8444] failed to evaluate #if condition\012CATCH_CONFIG_IMPL_ONLY;__CYGWIN__ : [backend/src/lib/game/catch.hpp:8444] failed to evaluate #if condition\012CATCH_CONFIG_IMPL_ONLY;__CYGWIN__;__DJGPP__;__EMSCRIPTEN__;__QNX__ : [backend/src/lib/game/catch.hpp:8444] failed to evaluate #if condition\012CATCH_CONFIG_IMPL_ONLY;__DJGPP__ : [backend/src/lib/game/catch.hpp:8444] failed to evaluate #if condition\012CATCH_CONFIG_IMPL_ONLY;__JETBRAINS_IDE__ : [backend/src/lib/game/catch.hpp:8444] failed to evaluate #if condition\012CATCH_CONFIG_IMPL_ONLY;__MINGW32__ : [backend/src/lib/game/catch.hpp:8444] failed to evaluate #if condition\012CATCH_CONFIG_IMPL_ONLY;__OBJC__ : [backend/src/lib/game/catch.hpp:8444] failed to evaluate #if condition\012CATCH_CONFIG_IMPL_ONLY;__OBJC__;__clang__ : [backend/src/lib/game/catch.hpp:8444] failed to evaluate #if condition\012CATCH_CONFIG_IMPL_ONLY;__OBJC__;__has_feature : [backend/src/lib/game/catch.hpp:8444] failed to evaluate #if condition\012CATCH_CONFIG_IMPL_ONLY;__ORBIS__ : [backend/src/lib/game/catch.hpp:8444] failed to evaluate #if condition\012CATCH_CONFIG_IMPL_ONLY;__OS400__ : [backend/src/lib/game/catch.hpp:8444] failed to evaluate #if condition\012CATCH_CONFIG_IMPL_ONLY;__clang__ : [backend/src/lib/game/catch.hpp:8444] failed to evaluate #if condition\012CATCH_CONFIG_IMPL_ONLY;__clang__;__has_include : [backend/src/lib/game/catch.hpp:8444] failed to evaluate #if condition\012CATCH_CONFIG_IMPL_ONLY;__cpp_lib_byte;__has_include : [backend/src/lib/game/catch.hpp:8444] failed to evaluate #if condition\012CATCH_CONFIG_IMPL_ONLY;__cpp_lib_is_invocable : [backend/src/lib/game/catch.hpp:8444] failed to evaluate #if condition\012CATCH_CONFIG_IMPL_ONLY;__has_include : [backend/src/lib/game/catch.hpp:8444] failed to evaluate #if condition\012CATCH_CONFIG_IMPL_ONLY;__linux;__linux__;linux : [backend/src/lib/game/catch.hpp:8444] failed to evaluate #if condition\012CATCH_CONFIG_NO_NOMINMAX;NOMINMAX : [backend/src/lib/game/catch.hpp:319] failed to evaluate #if condition\012CATCH_CONFIG_NO_WIN32_LEAN_AND_MEAN;WIN32_LEAN_AND_MEAN : [backend/src/lib/game/catch.hpp:319] failed to evaluate #if condition\012CATCH_CONFIG_RUNNER : [backend/src/lib/game/catch.hpp:319] failed to evaluate #if condition\012CATCH_CONFIG_WINDOWS_CRTDBG : [backend/src/lib/game/catch.hpp:319] failed to evaluate #if condition\012CLARA_CONFIG_CONSOLE_WIDTH : [backend/src/lib/game/catch.hpp:319] failed to evaluate #if condition\012DO_NOT_USE_WMAIN;_UNICODE : [backend/src/lib/game/catch.hpp:319] failed to evaluate #if condition\012UNICODE;_WIN32 : [backend/src/lib/game/catch.hpp:319] failed to evaluate #if condition\012WIN32;_MSC_VER;_WIN32;__WIN32__ : [backend/src/lib/game/catch.hpp:319] failed to evaluate #if condition\012_MSC_VER : [backend/src/lib/game/catch.hpp:319] failed to evaluate #if condition\012__AFXDLL : [backend/src/lib/game/catch.hpp:319] failed to evaluate #if condition\012__GNUC__ : [backend/src/lib/game/catch.hpp:319] failed to evaluate #if condition\012__GNUC__;__i386;__x86_64 : [backend/src/lib/game/catch.hpp:319] failed to evaluate #if condition\012__GNUG__ : [backend/src/lib/game/catch.hpp:319] failed to evaluate #if condition\012__ICC;__clang__ : [backend/src/lib/game/catch.hpp:319] failed to evaluate #if condition\012__MINGW32__ : [backend/src/lib/game/catch.hpp:319] failed to evaluate #if condition\012__OBJC__ : [backend/src/lib/game/catch.hpp:319] failed to evaluate #if condition\012__aarch64__ : [backend/src/lib/game/catch.hpp:319] failed to evaluate #if condition\012__apple_build_version__ : [backend/src/lib/game/catch.hpp:319] failed to evaluate #if condition\012__arm__;__thumb__ : [backend/src/lib/game/catch.hpp:319] failed to evaluate #if condition\012__clang__ : [backend/src/lib/game/catch.hpp:319] failed to evaluate #if condition\012__cpp_lib_uncaught_exceptions : [backend/src/lib/game/catch.hpp:319] failed to evaluate #if condition\012__has_include : [backend/src/lib/game/catch.hpp:319] failed to evaluate #if condition\012__i386__;__x86_64__ : [backend/src/lib/game/catch.hpp:319] failed to evaluate #if condition" file0="backend/src/lib/game/test.cpp">
            <location file="backend/src/lib/game/test.cpp" line="0" column="0"/>
        </error>
        <error id="noExplicitConstructor" severity="style" msg="Class &apos;Response&apos; has a constructor with 1 argument that is not explicit." verbose="Class &apos;Response&apos; has a constructor with 1 argument that is not explicit. Such constructors should in general be explicit for type safety reasons. Using the explicit keyword in the constructor means some mistakes when using the class can be avoided." cwe="398" file0="backend/src/lib/server/handler.cpp">
            <location file="backend/src/lib/server/response.h" line="16" column="5"/>
            <symbol>Response</symbol>
        </error>
        <error id="noExplicitConstructor" severity="style" msg="Struct &apos;HttpStatus&apos; has a constructor with 1 argument that is not explicit." verbose="Struct &apos;HttpStatus&apos; has a constructor with 1 argument that is not explicit. Such constructors should in general be explicit for type safety reasons. Using the explicit keyword in the constructor means some mistakes when using the class can be avoided." cwe="398" file0="backend/src/lib/server/http_status.cpp">
            <location file="backend/src/lib/server/http_status.h" line="26" column="5"/>
            <symbol>HttpStatus</symbol>
        </error>
        <error id="compareBoolExpressionWithInt" severity="warning" msg="Comparison of a boolean expression with an integer other than 0 or 1." verbose="Comparison of a boolean expression with an integer other than 0 or 1." cwe="398" file0="backend/src/lib/server/moxit_server.cpp">
            <location file="backend/src/lib/server/moxit_server.cpp" line="176" column="40"/>
        </error>
        <error id="compareBoolExpressionWithInt" severity="warning" msg="Comparison of a boolean expression with an integer other than 0 or 1." verbose="Comparison of a boolean expression with an integer other than 0 or 1." cwe="398" file0="backend/src/lib/server/moxit_server.cpp">
            <location file="backend/src/lib/server/moxit_server.cpp" line="180" column="45"/>
        </error>
        <error id="uninitMemberVar" severity="warning" msg="Member variable &apos;MoxitServer::createdGameCounter&apos; is not initialized in the constructor." verbose="Member variable &apos;MoxitServer::createdGameCounter&apos; is not initialized in the constructor." cwe="398" file0="backend/src/lib/server/moxit_server.cpp">
            <location file="backend/src/lib/server/moxit_server.cpp" line="12" column="14"/>
            <symbol>MoxitServer::createdGameCounter</symbol>
        </error>
        <error id="duplicateBreak" severity="style" msg="Consecutive return, break, continue, goto or throw statements are unnecessary." verbose="Consecutive return, break, continue, goto or throw statements are unnecessary. The second statement can never be executed, and so should be removed." cwe="561" file0="backend/src/lib/server/moxit_server.cpp">
            <location file="backend/src/lib/server/moxit_server.cpp" line="308" column="17"/>
        </error>
        <error id="shadowArgument" severity="style" msg="Local variable &apos;httpStatus&apos; shadows outer argument" verbose="Local variable &apos;httpStatus&apos; shadows outer argument" cwe="398" file0="backend/src/lib/server/moxit_server.cpp">
            <location file="backend/src/lib/server/moxit_server.cpp" line="342" column="21" info="Shadow variable"/>
            <location file="backend/src/lib/server/moxit_server.cpp" line="316" column="61" info="Shadowed declaration"/>
            <symbol>httpStatus</symbol>
        </error>
        <error id="passedByValue" severity="performance" msg="Function parameter &apos;ip_address&apos; should be passed by const reference." verbose="Parameter &apos;ip_address&apos; is passed by value. It could be passed as a const reference which is usually faster and recommended in C++." cwe="398" file0="backend/src/lib/server/moxit_server.cpp">
            <location file="backend/src/lib/server/moxit_server.cpp" line="12" column="38"/>
            <symbol>ip_address</symbol>
        </error>
        <error id="useStlAlgorithm" severity="style" msg="Consider using std::find_if algorithm instead of a raw loop." verbose="Consider using std::find_if algorithm instead of a raw loop." cwe="398" file0="backend/src/lib/server/moxit_server.cpp">
            <location file="backend/src/lib/server/moxit_server.cpp" line="330" column="68"/>
        </error>
        <error id="useStlAlgorithm" severity="style" msg="Consider using std::any_of algorithm instead of a raw loop." verbose="Consider using std::any_of algorithm instead of a raw loop." cwe="398" file0="backend/src/lib/server/moxit_server.cpp">
            <location file="backend/src/lib/server/moxit_server.cpp" line="503" column="86"/>
        </error>
        <error id="passedByValue" severity="performance" msg="Function parameter &apos;header&apos; should be passed by const reference." verbose="Parameter &apos;header&apos; is passed by value. It could be passed as a const reference which is usually faster and recommended in C++." cwe="398" file0="backend/src/lib/server/request.cpp">
            <location file="backend/src/lib/server/request.cpp" line="3" column="32"/>
            <symbol>header</symbol>
        </error>
        <error id="variableScope" severity="style" msg="The scope of the variable &apos;strPos&apos; can be reduced." verbose="The scope of the variable &apos;strPos&apos; can be reduced. Warning: Be careful when fixing this message, especially when there are inner loops. Here is an example where cppcheck will write that the scope for &apos;i&apos; can be reduced:\012void f(int x)\012{\012    int i = 0;\012    if (x) {\012        // it&apos;s safe to move &apos;int i = 0;&apos; here\012        for (int n = 0; n &lt; 10; ++n) {\012            // it is possible but not safe to move &apos;int i = 0;&apos; here\012            do_something(&amp;i);\012        }\012    }\012}\012When you see this message it is always safe to reduce the variable scope 1 level." cwe="398" file0="backend/src/lib/server/request_header.cpp">
            <location file="backend/src/lib/server/request_header.cpp" line="38" column="12"/>
            <symbol>strPos</symbol>
        </error>
        <error id="variableScope" severity="style" msg="The scope of the variable &apos;delimPos&apos; can be reduced." verbose="The scope of the variable &apos;delimPos&apos; can be reduced. Warning: Be careful when fixing this message, especially when there are inner loops. Here is an example where cppcheck will write that the scope for &apos;i&apos; can be reduced:\012void f(int x)\012{\012    int i = 0;\012    if (x) {\012        // it&apos;s safe to move &apos;int i = 0;&apos; here\012        for (int n = 0; n &lt; 10; ++n) {\012            // it is possible but not safe to move &apos;int i = 0;&apos; here\012            do_something(&amp;i);\012        }\012    }\012}\012When you see this message it is always safe to reduce the variable scope 1 level." cwe="398" file0="backend/src/lib/server/request_header.cpp">
            <location file="backend/src/lib/server/request_header.cpp" line="39" column="12"/>
            <symbol>delimPos</symbol>
        </error>
        <error id="passedByValue" severity="performance" msg="Function parameter &apos;path&apos; should be passed by const reference." verbose="Parameter &apos;path&apos; is passed by value. It could be passed as a const reference which is usually faster and recommended in C++." cwe="398" file0="backend/src/lib/server/request_header.cpp">
            <location file="backend/src/lib/server/request_header.cpp" line="3" column="57"/>
            <symbol>path</symbol>
        </error>
        <error id="passedByValue" severity="performance" msg="Function parameter &apos;kv&apos; should be passed by const reference." verbose="Parameter &apos;kv&apos; is passed by value. It could be passed as a const reference which is usually faster and recommended in C++." cwe="398" file0="backend/src/lib/server/request_header.cpp">
            <location file="backend/src/lib/server/request_header.cpp" line="4" column="60"/>
            <symbol>kv</symbol>
        </error>
        <error id="unreadVariable" severity="style" msg="Variable &apos;delimPos&apos; is assigned a value that is never used." verbose="Variable &apos;delimPos&apos; is assigned a value that is never used." cwe="563" file0="backend/src/lib/server/request_header.cpp">
            <location file="backend/src/lib/server/request_header.cpp" line="39" column="21"/>
            <symbol>delimPos</symbol>
        </error>
        <error id="toomanyconfigs" severity="information" msg="Too many #ifdef configurations - cppcheck only checks 12 of 107 configurations. Use --force to check all configurations." verbose="The checking of the file will be interrupted because there are too many #ifdef configurations. Checking of all #ifdef configurations can be forced by --force command line option or from GUI preferences. However that may increase the checking time." cwe="398">
            <location file="backend/src/tests/test_chat.cpp" line="0" column="0"/>
        </error>
        <error id="preprocessorErrorDirective" severity="error" msg="failed to evaluate #if condition" verbose="failed to evaluate #if condition">
            <location file="backend/src/tests/catch.hpp" line="319" column="0"/>
        </error>
        <error id="preprocessorErrorDirective" severity="error" msg="failed to evaluate #if condition" verbose="failed to evaluate #if condition">
            <location file="backend/src/tests/catch.hpp" line="8444" column="0"/>
        </error>
        <error id="noValidConfiguration" severity="information" msg="This file is not analyzed. Cppcheck failed to extract a valid configuration. Use -v for more details." verbose="This file is not analyzed. Cppcheck failed to extract a valid configuration. The tested configurations have these preprocessor errors:\012&apos;&apos; : [backend/src/tests/catch.hpp:319] failed to evaluate #if condition\012CATCH_ARC_ENABLED=0;CATCH_CONFIG_IMPL_ONLY;__OBJC__ : [backend/src/tests/catch.hpp:8444] failed to evaluate #if condition\012CATCH_ARC_ENABLED=0;__OBJC__ : [backend/src/tests/catch.hpp:319] failed to evaluate #if condition\012CATCH_CONFIG_ANDROID_LOGWRITE;CATCH_CONFIG_NO_ANDROID_LOGWRITE;CATCH_CONFIG_IMPL_ONLY : [backend/src/tests/catch.hpp:8444] failed to evaluate #if condition\012CATCH_CONFIG_COLOUR_ANSI;CATCH_CONFIG_COLOUR_WINDOWS : [backend/src/tests/catch.hpp:319] failed to evaluate #if condition\012CATCH_CONFIG_COUNTER;CATCH_CONFIG_NO_COUNTER;CATCH_CONFIG_IMPL_ONLY : [backend/src/tests/catch.hpp:8444] failed to evaluate #if condition\012CATCH_CONFIG_CPP11_TO_STRING;CATCH_CONFIG_NO_CPP11_TO_STRING;CATCH_CONFIG_IMPL_ONLY : [backend/src/tests/catch.hpp:8444] failed to evaluate #if condition\012CATCH_CONFIG_CPP17_BYTE;CATCH_CONFIG_NO_CPP17_BYTE;CATCH_CONFIG_IMPL_ONLY : [backend/src/tests/catch.hpp:8444] failed to evaluate #if condition\012CATCH_CONFIG_CPP17_OPTIONAL;CATCH_CONFIG_NO_CPP17_OPTIONAL;CATCH_CONFIG_IMPL_ONLY : [backend/src/tests/catch.hpp:8444] failed to evaluate #if condition\012CATCH_CONFIG_CPP17_STRING_VIEW;CATCH_CONFIG_NO_CPP17_STRING_VIEW;CATCH_CONFIG_IMPL_ONLY : [backend/src/tests/catch.hpp:8444] failed to evaluate #if condition\012CATCH_CONFIG_CPP17_UNCAUGHT_EXCEPTIONS;CATCH_CONFIG_NO_CPP17_UNCAUGHT_EXCEPTIONS : [backend/src/tests/catch.hpp:319] failed to evaluate #if condition\012CATCH_CONFIG_CPP17_VARIANT;CATCH_CONFIG_IMPL_ONLY : [backend/src/tests/catch.hpp:8444] failed to evaluate #if condition\012CATCH_CONFIG_DISABLE;CATCH_CONFIG_DISABLE_MATCHERS;CATCH_CONFIG_IMPL_ONLY : [backend/src/tests/catch.hpp:8444] failed to evaluate #if condition\012CATCH_CONFIG_DISABLE;CATCH_CONFIG_DISABLE_MATCHERS;CATCH_CONFIG_IMPL_ONLY;CATCH_CONFIG_PREFIX_ALL : [backend/src/tests/catch.hpp:8444] failed to evaluate #if condition\012CATCH_CONFIG_DISABLE;CATCH_CONFIG_DISABLE_STRINGIFICATION;CATCH_CONFIG_IMPL_ONLY : [backend/src/tests/catch.hpp:8444] failed to evaluate #if condition\012CATCH_CONFIG_DISABLE;CATCH_CONFIG_ENABLE_BENCHMARKING;CATCH_CONFIG_IMPL_ONLY : [backend/src/tests/catch.hpp:8444] failed to evaluate #if condition\012CATCH_CONFIG_DISABLE;CATCH_CONFIG_ENABLE_BENCHMARKING;CATCH_CONFIG_IMPL_ONLY;CATCH_CONFIG_PREFIX_ALL : [backend/src/tests/catch.hpp:8444] failed to evaluate #if condition\012CATCH_CONFIG_DISABLE;CATCH_CONFIG_FAST_COMPILE;CATCH_CONFIG_IMPL_ONLY : [backend/src/tests/catch.hpp:8444] failed to evaluate #if condition\012CATCH_CONFIG_DISABLE;CATCH_CONFIG_IMPL_ONLY : [backend/src/tests/catch.hpp:8444] failed to evaluate #if condition\012CATCH_CONFIG_DISABLE;CATCH_CONFIG_IMPL_ONLY;CATCH_CONFIG_PREFIX_ALL : [backend/src/tests/catch.hpp:8444] failed to evaluate #if condition\012CATCH_CONFIG_DISABLE;CATCH_CONFIG_IMPL_ONLY;CATCH_CONFIG_PREFIX_ALL;CATCH_CONFIG_RUNTIME_STATIC_REQUIRE : [backend/src/tests/catch.hpp:8444] failed to evaluate #if condition\012CATCH_CONFIG_DISABLE;CATCH_CONFIG_IMPL_ONLY;CATCH_CONFIG_RUNTIME_STATIC_REQUIRE : [backend/src/tests/catch.hpp:8444] failed to evaluate #if condition\012CATCH_CONFIG_DISABLE_EXCEPTIONS;CATCH_CONFIG_IMPL_ONLY : [backend/src/tests/catch.hpp:8444] failed to evaluate #if condition\012CATCH_CONFIG_DISABLE_EXCEPTIONS_CUSTOM_HANDLER : [backend/src/tests/catch.hpp:319] failed to evaluate #if condition\012CATCH_CONFIG_DISABLE_MATCHERS : [backend/src/tests/catch.hpp:319] failed to evaluate #if condition\012CATCH_CONFIG_DISABLE_MATCHERS;CATCH_CONFIG_IMPL_ONLY : [backend/src/tests/catch.hpp:8444] failed to evaluate #if condition\012CATCH_CONFIG_DISABLE_MATCHERS;CATCH_CONFIG_IMPL_ONLY;CATCH_CONFIG_PREFIX_ALL : [backend/src/tests/catch.hpp:8444] failed to evaluate #if condition\012CATCH_CONFIG_DISABLE_MATCHERS;CATCH_CONFIG_IMPL_ONLY;__OBJC__ : [backend/src/tests/catch.hpp:8444] failed to evaluate #if condition\012CATCH_CONFIG_ENABLE_ALL_STRINGMAKERS;CATCH_CONFIG_IMPL_ONLY : [backend/src/tests/catch.hpp:8444] failed to evaluate #if condition\012CATCH_CONFIG_ENABLE_BENCHMARKING : [backend/src/tests/catch.hpp:319] failed to evaluate #if condition\012CATCH_CONFIG_ENABLE_BENCHMARKING;CATCH_CONFIG_IMPL_ONLY : [backend/src/tests/catch.hpp:8444] failed to evaluate #if condition\012CATCH_CONFIG_ENABLE_BENCHMARKING;CATCH_CONFIG_IMPL_ONLY;_MSC_VER : [backend/src/tests/catch.hpp:8444] failed to evaluate #if condition\012CATCH_CONFIG_ENABLE_BENCHMARKING;CATCH_CONFIG_IMPL_ONLY;__GNUC__;__clang__ : [backend/src/tests/catch.hpp:8444] failed to evaluate #if condition\012CATCH_CONFIG_ENABLE_BENCHMARKING;CATCH_CONFIG_IMPL_ONLY;__clang__ : [backend/src/tests/catch.hpp:8444] failed to evaluate #if condition\012CATCH_CONFIG_ENABLE_CHRONO_STRINGMAKER : [backend/src/tests/catch.hpp:319] failed to evaluate #if condition\012CATCH_CONFIG_EXPERIMENTAL_REDIRECT : [backend/src/tests/catch.hpp:319] failed to evaluate #if condition\012CATCH_CONFIG_EXPERIMENTAL_REDIRECT;CATCH_CONFIG_IMPL_ONLY : [backend/src/tests/catch.hpp:8444] failed to evaluate #if condition\012CATCH_CONFIG_FALLBACK_STRINGIFIER;CATCH_CONFIG_IMPL_ONLY : [backend/src/tests/catch.hpp:8444] failed to evaluate #if condition\012CATCH_CONFIG_GLOBAL_NEXTAFTER;CATCH_CONFIG_NO_GLOBAL_NEXTAFTER;CATCH_CONFIG_IMPL_ONLY : [backend/src/tests/catch.hpp:8444] failed to evaluate #if condition\012CATCH_CONFIG_IMPL_ONLY : [backend/src/tests/catch.hpp:8444] failed to evaluate #if condition\012CATCH_CONFIG_IMPL_ONLY;CATCH_CONFIG_NEW_CAPTURE;CATCH_CONFIG_NO_NEW_CAPTURE : [backend/src/tests/catch.hpp:8444] failed to evaluate #if condition\012CATCH_CONFIG_IMPL_ONLY;CATCH_CONFIG_NO_POLYFILL_ISNAN;CATCH_CONFIG_POLYFILL_ISNAN : [backend/src/tests/catch.hpp:8444] failed to evaluate #if condition\012CATCH_CONFIG_IMPL_ONLY;CATCH_CONFIG_NO_POSIX_SIGNALS;CATCH_CONFIG_POSIX_SIGNALS : [backend/src/tests/catch.hpp:8444] failed to evaluate #if condition\012CATCH_CONFIG_IMPL_ONLY;CATCH_CONFIG_NO_TRADITIONAL_MSVC_PREPROCESSOR;CATCH_CONFIG_TRADITIONAL_MSVC_PREPROCESSOR : [backend/src/tests/catch.hpp:8444] failed to evaluate #if condition\012CATCH_CONFIG_IMPL_ONLY;CATCH_CONFIG_NO_USE_ASYNC;CATCH_CONFIG_USE_ASYNC : [backend/src/tests/catch.hpp:8444] failed to evaluate #if condition\012CATCH_CONFIG_IMPL_ONLY;CATCH_CONFIG_NO_WCHAR;CATCH_CONFIG_WCHAR : [backend/src/tests/catch.hpp:8444] failed to evaluate #if condition\012CATCH_CONFIG_IMPL_ONLY;CATCH_CONFIG_NO_WINDOWS_SEH;CATCH_CONFIG_WINDOWS_SEH : [backend/src/tests/catch.hpp:8444] failed to evaluate #if condition\012CATCH_CONFIG_IMPL_ONLY;CATCH_CONFIG_PREFIX_ALL : [backend/src/tests/catch.hpp:8444] failed to evaluate #if condition\012CATCH_CONFIG_IMPL_ONLY;RTX64_BUILD;UNDER_RTSS : [backend/src/tests/catch.hpp:8444] failed to evaluate #if condition\012CATCH_CONFIG_IMPL_ONLY;TARGET_OS_IPHONE;__APPLE__ : [backend/src/tests/catch.hpp:8444] failed to evaluate #if condition\012CATCH_CONFIG_IMPL_ONLY;TARGET_OS_MAC;TARGET_OS_OSX;__APPLE__ : [backend/src/tests/catch.hpp:8444] failed to evaluate #if condition\012CATCH_CONFIG_IMPL_ONLY;WIN32;_MSC_VER;_WIN32;__MINGW32__;__WIN32__ : [backend/src/tests/catch.hpp:8444] failed to evaluate #if condition\012CATCH_CONFIG_IMPL_ONLY;WINAPI_FAMILY;_MSC_VER : [backend/src/tests/catch.hpp:8444] failed to evaluate #if condition\012CATCH_CONFIG_IMPL_ONLY;_CPPUNWIND;__EXCEPTIONS;__cpp_exceptions : [backend/src/tests/catch.hpp:8444] failed to evaluate #if condition\012CATCH_CONFIG_IMPL_ONLY;_GLIBCXX_RELEASE;__GLIBCXX__;__clang__;__has_include : [backend/src/tests/catch.hpp:8444] failed to evaluate #if condition\012CATCH_CONFIG_IMPL_ONLY;_GLIBCXX_USE_C99_MATH_TR1 : [backend/src/tests/catch.hpp:8444] failed to evaluate #if condition\012CATCH_CONFIG_IMPL_ONLY;_MANAGED : [backend/src/tests/catch.hpp:8444] failed to evaluate #if condition\012CATCH_CONFIG_IMPL_ONLY;_MSC_VER : [backend/src/tests/catch.hpp:8444] failed to evaluate #if condition\012CATCH_CONFIG_IMPL_ONLY;_MSC_VER;_MSVC_TRADITIONAL;__clang__ : [backend/src/tests/catch.hpp:8444] failed to evaluate #if condition\012CATCH_CONFIG_IMPL_ONLY;_MSC_VER;_REENTRANT : [backend/src/tests/catch.hpp:8444] failed to evaluate #if condition\012CATCH_CONFIG_IMPL_ONLY;_MSC_VER;__clang__ : [backend/src/tests/catch.hpp:8444] failed to evaluate #if condition\012CATCH_CONFIG_IMPL_ONLY;_MSVC_LANG : [backend/src/tests/catch.hpp:8444] failed to evaluate #if condition\012CATCH_CONFIG_IMPL_ONLY;__ANDROID__ : [backend/src/tests/catch.hpp:8444] failed to evaluate #if condition\012CATCH_CONFIG_IMPL_ONLY;__APPLE__ : [backend/src/tests/catch.hpp:8444] failed to evaluate #if condition\012CATCH_CONFIG_IMPL_ONLY;__APPLE__;__apple_build_version__ : [backend/src/tests/catch.hpp:8444] failed to evaluate #if condition\012CATCH_CONFIG_IMPL_ONLY;__BORLANDC__ : [backend/src/tests/catch.hpp:8444] failed to evaluate #if condition\012CATCH_CONFIG_IMPL_ONLY;__CUDACC__;__GNUC__;__ICC;__LCC__;__clang__ : [backend/src/tests/catch.hpp:8444] failed to evaluate #if condition\012CATCH_CONFIG_IMPL_ONLY;__CUDACC__;__ibmxl__;__clang__ : [backend/src/tests/catch.hpp:8444] failed to evaluate #if condition\012CATCH_CONFIG_IMPL_ONLY;__CYGWIN__ : [backend/src/tests/catch.hpp:8444] failed to evaluate #if condition\012CATCH_CONFIG_IMPL_ONLY;__CYGWIN__;__DJGPP__;__EMSCRIPTEN__;__QNX__ : [backend/src/tests/catch.hpp:8444] failed to evaluate #if condition\012CATCH_CONFIG_IMPL_ONLY;__DJGPP__ : [backend/src/tests/catch.hpp:8444] failed to evaluate #if condition\012CATCH_CONFIG_IMPL_ONLY;__JETBRAINS_IDE__ : [backend/src/tests/catch.hpp:8444] failed to evaluate #if condition\012CATCH_CONFIG_IMPL_ONLY;__MINGW32__ : [backend/src/tests/catch.hpp:8444] failed to evaluate #if condition\012CATCH_CONFIG_IMPL_ONLY;__OBJC__ : [backend/src/tests/catch.hpp:8444] failed to evaluate #if condition\012CATCH_CONFIG_IMPL_ONLY;__OBJC__;__clang__ : [backend/src/tests/catch.hpp:8444] failed to evaluate #if condition\012CATCH_CONFIG_IMPL_ONLY;__OBJC__;__has_feature : [backend/src/tests/catch.hpp:8444] failed to evaluate #if condition\012CATCH_CONFIG_IMPL_ONLY;__ORBIS__ : [backend/src/tests/catch.hpp:8444] failed to evaluate #if condition\012CATCH_CONFIG_IMPL_ONLY;__OS400__ : [backend/src/tests/catch.hpp:8444] failed to evaluate #if condition\012CATCH_CONFIG_IMPL_ONLY;__clang__ : [backend/src/tests/catch.hpp:8444] failed to evaluate #if condition\012CATCH_CONFIG_IMPL_ONLY;__clang__;__has_include : [backend/src/tests/catch.hpp:8444] failed to evaluate #if condition\012CATCH_CONFIG_IMPL_ONLY;__cpp_lib_byte;__has_include : [backend/src/tests/catch.hpp:8444] failed to evaluate #if condition\012CATCH_CONFIG_IMPL_ONLY;__cpp_lib_is_invocable : [backend/src/tests/catch.hpp:8444] failed to evaluate #if condition\012CATCH_CONFIG_IMPL_ONLY;__has_include : [backend/src/tests/catch.hpp:8444] failed to evaluate #if condition\012CATCH_CONFIG_IMPL_ONLY;__linux;__linux__;linux : [backend/src/tests/catch.hpp:8444] failed to evaluate #if condition\012CATCH_CONFIG_NO_NOMINMAX;NOMINMAX : [backend/src/tests/catch.hpp:319] failed to evaluate #if condition\012CATCH_CONFIG_NO_WIN32_LEAN_AND_MEAN;WIN32_LEAN_AND_MEAN : [backend/src/tests/catch.hpp:319] failed to evaluate #if condition\012CATCH_CONFIG_RUNNER : [backend/src/tests/catch.hpp:319] failed to evaluate #if condition\012CATCH_CONFIG_WINDOWS_CRTDBG : [backend/src/tests/catch.hpp:319] failed to evaluate #if condition\012CLARA_CONFIG_CONSOLE_WIDTH : [backend/src/tests/catch.hpp:319] failed to evaluate #if condition\012DO_NOT_USE_WMAIN;_UNICODE : [backend/src/tests/catch.hpp:319] failed to evaluate #if condition\012UNICODE;_WIN32 : [backend/src/tests/catch.hpp:319] failed to evaluate #if condition\012WIN32;_MSC_VER;_WIN32;__WIN32__ : [backend/src/tests/catch.hpp:319] failed to evaluate #if condition\012_MSC_VER : [backend/src/tests/catch.hpp:319] failed to evaluate #if condition\012__AFXDLL : [backend/src/tests/catch.hpp:319] failed to evaluate #if condition\012__GNUC__ : [backend/src/tests/catch.hpp:319] failed to evaluate #if condition\012__GNUC__;__i386;__x86_64 : [backend/src/tests/catch.hpp:319] failed to evaluate #if condition\012__GNUG__ : [backend/src/tests/catch.hpp:319] failed to evaluate #if condition\012__ICC;__clang__ : [backend/src/tests/catch.hpp:319] failed to evaluate #if condition\012__MINGW32__ : [backend/src/tests/catch.hpp:319] failed to evaluate #if condition\012__OBJC__ : [backend/src/tests/catch.hpp:319] failed to evaluate #if condition\012__aarch64__ : [backend/src/tests/catch.hpp:319] failed to evaluate #if condition\012__apple_build_version__ : [backend/src/tests/catch.hpp:319] failed to evaluate #if condition\012__arm__;__thumb__ : [backend/src/tests/catch.hpp:319] failed to evaluate #if condition\012__clang__ : [backend/src/tests/catch.hpp:319] failed to evaluate #if condition\012__cpp_lib_uncaught_exceptions : [backend/src/tests/catch.hpp:319] failed to evaluate #if condition\012__has_include : [backend/src/tests/catch.hpp:319] failed to evaluate #if condition\012__i386__;__x86_64__ : [backend/src/tests/catch.hpp:319] failed to evaluate #if condition" file0="backend/src/tests/test_chat.cpp">
            <location file="backend/src/tests/test_chat.cpp" line="0" column="0"/>
        </error>
        <error id="toomanyconfigs" severity="information" msg="Too many #ifdef configurations - cppcheck only checks 12 of 107 configurations. Use --force to check all configurations." verbose="The checking of the file will be interrupted because there are too many #ifdef configurations. Checking of all #ifdef configurations can be forced by --force command line option or from GUI preferences. However that may increase the checking time." cwe="398">
            <location file="backend/src/tests/test_game_player.cpp" line="0" column="0"/>
        </error>
        <error id="noValidConfiguration" severity="information" msg="This file is not analyzed. Cppcheck failed to extract a valid configuration. Use -v for more details." verbose="This file is not analyzed. Cppcheck failed to extract a valid configuration. The tested configurations have these preprocessor errors:\012&apos;&apos; : [backend/src/tests/catch.hpp:319] failed to evaluate #if condition\012CATCH_ARC_ENABLED=0;CATCH_CONFIG_IMPL_ONLY;__OBJC__ : [backend/src/tests/catch.hpp:8444] failed to evaluate #if condition\012CATCH_ARC_ENABLED=0;__OBJC__ : [backend/src/tests/catch.hpp:319] failed to evaluate #if condition\012CATCH_CONFIG_ANDROID_LOGWRITE;CATCH_CONFIG_NO_ANDROID_LOGWRITE;CATCH_CONFIG_IMPL_ONLY : [backend/src/tests/catch.hpp:8444] failed to evaluate #if condition\012CATCH_CONFIG_COLOUR_ANSI;CATCH_CONFIG_COLOUR_WINDOWS : [backend/src/tests/catch.hpp:319] failed to evaluate #if condition\012CATCH_CONFIG_COUNTER;CATCH_CONFIG_NO_COUNTER;CATCH_CONFIG_IMPL_ONLY : [backend/src/tests/catch.hpp:8444] failed to evaluate #if condition\012CATCH_CONFIG_CPP11_TO_STRING;CATCH_CONFIG_NO_CPP11_TO_STRING;CATCH_CONFIG_IMPL_ONLY : [backend/src/tests/catch.hpp:8444] failed to evaluate #if condition\012CATCH_CONFIG_CPP17_BYTE;CATCH_CONFIG_NO_CPP17_BYTE;CATCH_CONFIG_IMPL_ONLY : [backend/src/tests/catch.hpp:8444] failed to evaluate #if condition\012CATCH_CONFIG_CPP17_OPTIONAL;CATCH_CONFIG_NO_CPP17_OPTIONAL;CATCH_CONFIG_IMPL_ONLY : [backend/src/tests/catch.hpp:8444] failed to evaluate #if condition\012CATCH_CONFIG_CPP17_STRING_VIEW;CATCH_CONFIG_NO_CPP17_STRING_VIEW;CATCH_CONFIG_IMPL_ONLY : [backend/src/tests/catch.hpp:8444] failed to evaluate #if condition\012CATCH_CONFIG_CPP17_UNCAUGHT_EXCEPTIONS;CATCH_CONFIG_NO_CPP17_UNCAUGHT_EXCEPTIONS : [backend/src/tests/catch.hpp:319] failed to evaluate #if condition\012CATCH_CONFIG_CPP17_VARIANT;CATCH_CONFIG_IMPL_ONLY : [backend/src/tests/catch.hpp:8444] failed to evaluate #if condition\012CATCH_CONFIG_DISABLE;CATCH_CONFIG_DISABLE_MATCHERS;CATCH_CONFIG_IMPL_ONLY : [backend/src/tests/catch.hpp:8444] failed to evaluate #if condition\012CATCH_CONFIG_DISABLE;CATCH_CONFIG_DISABLE_MATCHERS;CATCH_CONFIG_IMPL_ONLY;CATCH_CONFIG_PREFIX_ALL : [backend/src/tests/catch.hpp:8444] failed to evaluate #if condition\012CATCH_CONFIG_DISABLE;CATCH_CONFIG_DISABLE_STRINGIFICATION;CATCH_CONFIG_IMPL_ONLY : [backend/src/tests/catch.hpp:8444] failed to evaluate #if condition\012CATCH_CONFIG_DISABLE;CATCH_CONFIG_ENABLE_BENCHMARKING;CATCH_CONFIG_IMPL_ONLY : [backend/src/tests/catch.hpp:8444] failed to evaluate #if condition\012CATCH_CONFIG_DISABLE;CATCH_CONFIG_ENABLE_BENCHMARKING;CATCH_CONFIG_IMPL_ONLY;CATCH_CONFIG_PREFIX_ALL : [backend/src/tests/catch.hpp:8444] failed to evaluate #if condition\012CATCH_CONFIG_DISABLE;CATCH_CONFIG_FAST_COMPILE;CATCH_CONFIG_IMPL_ONLY : [backend/src/tests/catch.hpp:8444] failed to evaluate #if condition\012CATCH_CONFIG_DISABLE;CATCH_CONFIG_IMPL_ONLY : [backend/src/tests/catch.hpp:8444] failed to evaluate #if condition\012CATCH_CONFIG_DISABLE;CATCH_CONFIG_IMPL_ONLY;CATCH_CONFIG_PREFIX_ALL : [backend/src/tests/catch.hpp:8444] failed to evaluate #if condition\012CATCH_CONFIG_DISABLE;CATCH_CONFIG_IMPL_ONLY;CATCH_CONFIG_PREFIX_ALL;CATCH_CONFIG_RUNTIME_STATIC_REQUIRE : [backend/src/tests/catch.hpp:8444] failed to evaluate #if condition\012CATCH_CONFIG_DISABLE;CATCH_CONFIG_IMPL_ONLY;CATCH_CONFIG_RUNTIME_STATIC_REQUIRE : [backend/src/tests/catch.hpp:8444] failed to evaluate #if condition\012CATCH_CONFIG_DISABLE_EXCEPTIONS;CATCH_CONFIG_IMPL_ONLY : [backend/src/tests/catch.hpp:8444] failed to evaluate #if condition\012CATCH_CONFIG_DISABLE_EXCEPTIONS_CUSTOM_HANDLER : [backend/src/tests/catch.hpp:319] failed to evaluate #if condition\012CATCH_CONFIG_DISABLE_MATCHERS : [backend/src/tests/catch.hpp:319] failed to evaluate #if condition\012CATCH_CONFIG_DISABLE_MATCHERS;CATCH_CONFIG_IMPL_ONLY : [backend/src/tests/catch.hpp:8444] failed to evaluate #if condition\012CATCH_CONFIG_DISABLE_MATCHERS;CATCH_CONFIG_IMPL_ONLY;CATCH_CONFIG_PREFIX_ALL : [backend/src/tests/catch.hpp:8444] failed to evaluate #if condition\012CATCH_CONFIG_DISABLE_MATCHERS;CATCH_CONFIG_IMPL_ONLY;__OBJC__ : [backend/src/tests/catch.hpp:8444] failed to evaluate #if condition\012CATCH_CONFIG_ENABLE_ALL_STRINGMAKERS;CATCH_CONFIG_IMPL_ONLY : [backend/src/tests/catch.hpp:8444] failed to evaluate #if condition\012CATCH_CONFIG_ENABLE_BENCHMARKING : [backend/src/tests/catch.hpp:319] failed to evaluate #if condition\012CATCH_CONFIG_ENABLE_BENCHMARKING;CATCH_CONFIG_IMPL_ONLY : [backend/src/tests/catch.hpp:8444] failed to evaluate #if condition\012CATCH_CONFIG_ENABLE_BENCHMARKING;CATCH_CONFIG_IMPL_ONLY;_MSC_VER : [backend/src/tests/catch.hpp:8444] failed to evaluate #if condition\012CATCH_CONFIG_ENABLE_BENCHMARKING;CATCH_CONFIG_IMPL_ONLY;__GNUC__;__clang__ : [backend/src/tests/catch.hpp:8444] failed to evaluate #if condition\012CATCH_CONFIG_ENABLE_BENCHMARKING;CATCH_CONFIG_IMPL_ONLY;__clang__ : [backend/src/tests/catch.hpp:8444] failed to evaluate #if condition\012CATCH_CONFIG_ENABLE_CHRONO_STRINGMAKER : [backend/src/tests/catch.hpp:319] failed to evaluate #if condition\012CATCH_CONFIG_EXPERIMENTAL_REDIRECT : [backend/src/tests/catch.hpp:319] failed to evaluate #if condition\012CATCH_CONFIG_EXPERIMENTAL_REDIRECT;CATCH_CONFIG_IMPL_ONLY : [backend/src/tests/catch.hpp:8444] failed to evaluate #if condition\012CATCH_CONFIG_FALLBACK_STRINGIFIER;CATCH_CONFIG_IMPL_ONLY : [backend/src/tests/catch.hpp:8444] failed to evaluate #if condition\012CATCH_CONFIG_GLOBAL_NEXTAFTER;CATCH_CONFIG_NO_GLOBAL_NEXTAFTER;CATCH_CONFIG_IMPL_ONLY : [backend/src/tests/catch.hpp:8444] failed to evaluate #if condition\012CATCH_CONFIG_IMPL_ONLY : [backend/src/tests/catch.hpp:8444] failed to evaluate #if condition\012CATCH_CONFIG_IMPL_ONLY;CATCH_CONFIG_NEW_CAPTURE;CATCH_CONFIG_NO_NEW_CAPTURE : [backend/src/tests/catch.hpp:8444] failed to evaluate #if condition\012CATCH_CONFIG_IMPL_ONLY;CATCH_CONFIG_NO_POLYFILL_ISNAN;CATCH_CONFIG_POLYFILL_ISNAN : [backend/src/tests/catch.hpp:8444] failed to evaluate #if condition\012CATCH_CONFIG_IMPL_ONLY;CATCH_CONFIG_NO_POSIX_SIGNALS;CATCH_CONFIG_POSIX_SIGNALS : [backend/src/tests/catch.hpp:8444] failed to evaluate #if condition\012CATCH_CONFIG_IMPL_ONLY;CATCH_CONFIG_NO_TRADITIONAL_MSVC_PREPROCESSOR;CATCH_CONFIG_TRADITIONAL_MSVC_PREPROCESSOR : [backend/src/tests/catch.hpp:8444] failed to evaluate #if condition\012CATCH_CONFIG_IMPL_ONLY;CATCH_CONFIG_NO_USE_ASYNC;CATCH_CONFIG_USE_ASYNC : [backend/src/tests/catch.hpp:8444] failed to evaluate #if condition\012CATCH_CONFIG_IMPL_ONLY;CATCH_CONFIG_NO_WCHAR;CATCH_CONFIG_WCHAR : [backend/src/tests/catch.hpp:8444] failed to evaluate #if condition\012CATCH_CONFIG_IMPL_ONLY;CATCH_CONFIG_NO_WINDOWS_SEH;CATCH_CONFIG_WINDOWS_SEH : [backend/src/tests/catch.hpp:8444] failed to evaluate #if condition\012CATCH_CONFIG_IMPL_ONLY;CATCH_CONFIG_PREFIX_ALL : [backend/src/tests/catch.hpp:8444] failed to evaluate #if condition\012CATCH_CONFIG_IMPL_ONLY;RTX64_BUILD;UNDER_RTSS : [backend/src/tests/catch.hpp:8444] failed to evaluate #if condition\012CATCH_CONFIG_IMPL_ONLY;TARGET_OS_IPHONE;__APPLE__ : [backend/src/tests/catch.hpp:8444] failed to evaluate #if condition\012CATCH_CONFIG_IMPL_ONLY;TARGET_OS_MAC;TARGET_OS_OSX;__APPLE__ : [backend/src/tests/catch.hpp:8444] failed to evaluate #if condition\012CATCH_CONFIG_IMPL_ONLY;WIN32;_MSC_VER;_WIN32;__MINGW32__;__WIN32__ : [backend/src/tests/catch.hpp:8444] failed to evaluate #if condition\012CATCH_CONFIG_IMPL_ONLY;WINAPI_FAMILY;_MSC_VER : [backend/src/tests/catch.hpp:8444] failed to evaluate #if condition\012CATCH_CONFIG_IMPL_ONLY;_CPPUNWIND;__EXCEPTIONS;__cpp_exceptions : [backend/src/tests/catch.hpp:8444] failed to evaluate #if condition\012CATCH_CONFIG_IMPL_ONLY;_GLIBCXX_RELEASE;__GLIBCXX__;__clang__;__has_include : [backend/src/tests/catch.hpp:8444] failed to evaluate #if condition\012CATCH_CONFIG_IMPL_ONLY;_GLIBCXX_USE_C99_MATH_TR1 : [backend/src/tests/catch.hpp:8444] failed to evaluate #if condition\012CATCH_CONFIG_IMPL_ONLY;_MANAGED : [backend/src/tests/catch.hpp:8444] failed to evaluate #if condition\012CATCH_CONFIG_IMPL_ONLY;_MSC_VER : [backend/src/tests/catch.hpp:8444] failed to evaluate #if condition\012CATCH_CONFIG_IMPL_ONLY;_MSC_VER;_MSVC_TRADITIONAL;__clang__ : [backend/src/tests/catch.hpp:8444] failed to evaluate #if condition\012CATCH_CONFIG_IMPL_ONLY;_MSC_VER;_REENTRANT : [backend/src/tests/catch.hpp:8444] failed to evaluate #if condition\012CATCH_CONFIG_IMPL_ONLY;_MSC_VER;__clang__ : [backend/src/tests/catch.hpp:8444] failed to evaluate #if condition\012CATCH_CONFIG_IMPL_ONLY;_MSVC_LANG : [backend/src/tests/catch.hpp:8444] failed to evaluate #if condition\012CATCH_CONFIG_IMPL_ONLY;__ANDROID__ : [backend/src/tests/catch.hpp:8444] failed to evaluate #if condition\012CATCH_CONFIG_IMPL_ONLY;__APPLE__ : [backend/src/tests/catch.hpp:8444] failed to evaluate #if condition\012CATCH_CONFIG_IMPL_ONLY;__APPLE__;__apple_build_version__ : [backend/src/tests/catch.hpp:8444] failed to evaluate #if condition\012CATCH_CONFIG_IMPL_ONLY;__BORLANDC__ : [backend/src/tests/catch.hpp:8444] failed to evaluate #if condition\012CATCH_CONFIG_IMPL_ONLY;__CUDACC__;__GNUC__;__ICC;__LCC__;__clang__ : [backend/src/tests/catch.hpp:8444] failed to evaluate #if condition\012CATCH_CONFIG_IMPL_ONLY;__CUDACC__;__ibmxl__;__clang__ : [backend/src/tests/catch.hpp:8444] failed to evaluate #if condition\012CATCH_CONFIG_IMPL_ONLY;__CYGWIN__ : [backend/src/tests/catch.hpp:8444] failed to evaluate #if condition\012CATCH_CONFIG_IMPL_ONLY;__CYGWIN__;__DJGPP__;__EMSCRIPTEN__;__QNX__ : [backend/src/tests/catch.hpp:8444] failed to evaluate #if condition\012CATCH_CONFIG_IMPL_ONLY;__DJGPP__ : [backend/src/tests/catch.hpp:8444] failed to evaluate #if condition\012CATCH_CONFIG_IMPL_ONLY;__JETBRAINS_IDE__ : [backend/src/tests/catch.hpp:8444] failed to evaluate #if condition\012CATCH_CONFIG_IMPL_ONLY;__MINGW32__ : [backend/src/tests/catch.hpp:8444] failed to evaluate #if condition\012CATCH_CONFIG_IMPL_ONLY;__OBJC__ : [backend/src/tests/catch.hpp:8444] failed to evaluate #if condition\012CATCH_CONFIG_IMPL_ONLY;__OBJC__;__clang__ : [backend/src/tests/catch.hpp:8444] failed to evaluate #if condition\012CATCH_CONFIG_IMPL_ONLY;__OBJC__;__has_feature : [backend/src/tests/catch.hpp:8444] failed to evaluate #if condition\012CATCH_CONFIG_IMPL_ONLY;__ORBIS__ : [backend/src/tests/catch.hpp:8444] failed to evaluate #if condition\012CATCH_CONFIG_IMPL_ONLY;__OS400__ : [backend/src/tests/catch.hpp:8444] failed to evaluate #if condition\012CATCH_CONFIG_IMPL_ONLY;__clang__ : [backend/src/tests/catch.hpp:8444] failed to evaluate #if condition\012CATCH_CONFIG_IMPL_ONLY;__clang__;__has_include : [backend/src/tests/catch.hpp:8444] failed to evaluate #if condition\012CATCH_CONFIG_IMPL_ONLY;__cpp_lib_byte;__has_include : [backend/src/tests/catch.hpp:8444] failed to evaluate #if condition\012CATCH_CONFIG_IMPL_ONLY;__cpp_lib_is_invocable : [backend/src/tests/catch.hpp:8444] failed to evaluate #if condition\012CATCH_CONFIG_IMPL_ONLY;__has_include : [backend/src/tests/catch.hpp:8444] failed to evaluate #if condition\012CATCH_CONFIG_IMPL_ONLY;__linux;__linux__;linux : [backend/src/tests/catch.hpp:8444] failed to evaluate #if condition\012CATCH_CONFIG_NO_NOMINMAX;NOMINMAX : [backend/src/tests/catch.hpp:319] failed to evaluate #if condition\012CATCH_CONFIG_NO_WIN32_LEAN_AND_MEAN;WIN32_LEAN_AND_MEAN : [backend/src/tests/catch.hpp:319] failed to evaluate #if condition\012CATCH_CONFIG_RUNNER : [backend/src/tests/catch.hpp:319] failed to evaluate #if condition\012CATCH_CONFIG_WINDOWS_CRTDBG : [backend/src/tests/catch.hpp:319] failed to evaluate #if condition\012CLARA_CONFIG_CONSOLE_WIDTH : [backend/src/tests/catch.hpp:319] failed to evaluate #if condition\012DO_NOT_USE_WMAIN;_UNICODE : [backend/src/tests/catch.hpp:319] failed to evaluate #if condition\012UNICODE;_WIN32 : [backend/src/tests/catch.hpp:319] failed to evaluate #if condition\012WIN32;_MSC_VER;_WIN32;__WIN32__ : [backend/src/tests/catch.hpp:319] failed to evaluate #if condition\012_MSC_VER : [backend/src/tests/catch.hpp:319] failed to evaluate #if condition\012__AFXDLL : [backend/src/tests/catch.hpp:319] failed to evaluate #if condition\012__GNUC__ : [backend/src/tests/catch.hpp:319] failed to evaluate #if condition\012__GNUC__;__i386;__x86_64 : [backend/src/tests/catch.hpp:319] failed to evaluate #if condition\012__GNUG__ : [backend/src/tests/catch.hpp:319] failed to evaluate #if condition\012__ICC;__clang__ : [backend/src/tests/catch.hpp:319] failed to evaluate #if condition\012__MINGW32__ : [backend/src/tests/catch.hpp:319] failed to evaluate #if condition\012__OBJC__ : [backend/src/tests/catch.hpp:319] failed to evaluate #if condition\012__aarch64__ : [backend/src/tests/catch.hpp:319] failed to evaluate #if condition\012__apple_build_version__ : [backend/src/tests/catch.hpp:319] failed to evaluate #if condition\012__arm__;__thumb__ : [backend/src/tests/catch.hpp:319] failed to evaluate #if condition\012__clang__ : [backend/src/tests/catch.hpp:319] failed to evaluate #if condition\012__cpp_lib_uncaught_exceptions : [backend/src/tests/catch.hpp:319] failed to evaluate #if condition\012__has_include : [backend/src/tests/catch.hpp:319] failed to evaluate #if condition\012__i386__;__x86_64__ : [backend/src/tests/catch.hpp:319] failed to evaluate #if condition" file0="backend/src/tests/test_game_player.cpp">
            <location file="backend/src/tests/test_game_player.cpp" line="0" column="0"/>
        </error>
        <error id="noExplicitConstructor" severity="style" msg="Class &apos;MyDelegate&apos; has a constructor with 1 argument that is not explicit." verbose="Class &apos;MyDelegate&apos; has a constructor with 1 argument that is not explicit. Such constructors should in general be explicit for type safety reasons. Using the explicit keyword in the constructor means some mistakes when using the class can be avoided." cwe="398" file0="frontend/src/lib/Chat/Chat.cpp">
            <location file="frontend/src/lib/Chat/Chat.cpp" line="6" column="3"/>
            <symbol>MyDelegate</symbol>
        </error>
        <error id="toomanyconfigs" severity="information" msg="Too many #ifdef configurations - cppcheck only checks 12 of 14 configurations. Use --force to check all configurations." verbose="The checking of the file will be interrupted because there are too many #ifdef configurations. Checking of all #ifdef configurations can be forced by --force command line option or from GUI preferences. However that may increase the checking time." cwe="398">
            <location file="frontend/src/lib/Main Window/fmt/src/fmt.cc" line="0" column="0"/>
        </error>
        <error id="preprocessorErrorDirective" severity="error" msg="failed to evaluate #if condition" verbose="failed to evaluate #if condition">
            <location file="frontend/src/lib/Main Window/fmt/src/fmt.cc" line="52" column="0"/>
        </error>
        <error id="noValidConfiguration" severity="information" msg="This file is not analyzed. Cppcheck failed to extract a valid configuration. Use -v for more details." verbose="This file is not analyzed. Cppcheck failed to extract a valid configuration. The tested configurations have these preprocessor errors:\012&apos;&apos; : [frontend/src/lib/Main Window/fmt/src/fmt.cc:3] #error Module not supported.\012FMT_GCC_VERSION=0 : [frontend/src/lib/Main Window/fmt/src/fmt.cc:3] #error Module not supported.\012FMT_USE_FCNTL : [frontend/src/lib/Main Window/fmt/src/fmt.cc:3] #error Module not supported.\012FMT_USE_FCNTL;_POSIX_;__MINGW32__ : [frontend/src/lib/Main Window/fmt/src/fmt.cc:3] #error Module not supported.\012FMT_USE_FCNTL;_WIN32 : [frontend/src/lib/Main Window/fmt/src/fmt.cc:3] #error Module not supported.\012FMT_USE_FCNTL;_WIN32;__MINGW32__ : [frontend/src/lib/Main Window/fmt/src/fmt.cc:3] #error Module not supported.\012WIN32_LEAN_AND_MEAN;_WIN32 : [frontend/src/lib/Main Window/fmt/src/fmt.cc:3] #error Module not supported.\012WINAPI_FAMILY;__APPLE__;__linux__ : [frontend/src/lib/Main Window/fmt/src/fmt.cc:3] #error Module not supported.\012WINAPI_FAMILY;__APPLE__;__linux__;_WIN32 : [frontend/src/lib/Main Window/fmt/src/fmt.cc:3] #error Module not supported.\012_CRT_SECURE_NO_WARNINGS;_MSC_VER : [frontend/src/lib/Main Window/fmt/src/fmt.cc:3] #error Module not supported.\012_MSC_VER : [frontend/src/lib/Main Window/fmt/src/fmt.cc:3] #error Module not supported.\012_WIN32 : [frontend/src/lib/Main Window/fmt/src/fmt.cc:3] #error Module not supported.\012__APPLE__;__FreeBSD__ : [frontend/src/lib/Main Window/fmt/src/fmt.cc:3] #error Module not supported.\012__cpp_modules : [frontend/src/lib/Main Window/fmt/src/fmt.cc:52] failed to evaluate #if condition" file0="frontend/src/lib/Main Window/fmt/src/fmt.cc">
            <location file="frontend/src/lib/Main Window/fmt/src/fmt.cc" line="0" column="0"/>
        </error>
        <error id="unknownMacro" severity="error" msg="There is an unknown macro here somewhere. Configuration is required. If FMT_BEGIN_NAMESPACE is a macro then please configure it." verbose="There is an unknown macro here somewhere. Configuration is required. If FMT_BEGIN_NAMESPACE is a macro then please configure it." file0="frontend/src/lib/Main Window/fmt/test/args-test.cc">
            <location file="frontend/src/lib/Main Window/fmt/test/args-test.cc" line="39" column="1"/>
        </error>
        <error id="knownConditionTrueFalse" severity="style" msg="Condition &apos;test_condition&apos; is always false" verbose="Condition &apos;test_condition&apos; is always false" cwe="570" file0="frontend/src/lib/Main Window/fmt/test/assert-test.cc">
            <location file="frontend/src/lib/Main Window/fmt/test/assert-test.cc" line="26" column="7" info="Condition &apos;test_condition&apos; is always false"/>
            <location file="frontend/src/lib/Main Window/fmt/test/assert-test.cc" line="24" column="25" info="Assignment &apos;test_condition=false&apos;, assigned value is 0"/>
        </error>
        <error id="redundantInitialization" severity="style" msg="Redundant initialization for &apos;spec_list&apos;. The initialized value is overwritten before it is read." verbose="Redundant initialization for &apos;spec_list&apos;. The initialized value is overwritten before it is read." cwe="563" file0="frontend/src/lib/Main Window/fmt/test/chrono-test.cc">
            <location file="frontend/src/lib/Main Window/fmt/test/chrono-test.cc" line="277" column="13" info="spec_list is overwritten"/>
            <location file="frontend/src/lib/Main Window/fmt/test/chrono-test.cc" line="264" column="38" info="spec_list is initialized"/>
            <symbol>spec_list</symbol>
        </error>
        <error id="unknownMacro" severity="error" msg="There is an unknown macro here somewhere. Configuration is required. If FMT_BEGIN_NAMESPACE is a macro then please configure it." verbose="There is an unknown macro here somewhere. Configuration is required. If FMT_BEGIN_NAMESPACE is a macro then please configure it." file0="frontend/src/lib/Main Window/fmt/test/compile-test.cc">
            <location file="frontend/src/lib/Main Window/fmt/test/compile-test.cc" line="66" column="1"/>
        </error>
        <error id="unknownMacro" severity="error" msg="There is an unknown macro here somewhere. Configuration is required. If FMT_BEGIN_NAMESPACE is a macro then please configure it." verbose="There is an unknown macro here somewhere. Configuration is required. If FMT_BEGIN_NAMESPACE is a macro then please configure it." file0="frontend/src/lib/Main Window/fmt/test/core-test.cc">
            <location file="frontend/src/lib/Main Window/fmt/test/core-test.cc" line="301" column="1"/>
        </error>
        <error id="noValidConfiguration" severity="information" msg="This file is not analyzed. Cppcheck failed to extract a valid configuration. Use -v for more details." verbose="This file is not analyzed. Cppcheck failed to extract a valid configuration. The tested configurations have these preprocessor errors:\012&apos;&apos; : [frontend/src/lib/Main Window/fmt/test/detect-stdfs.cc:17] #error libfound &quot;&quot;\012_GLIBCXX_RELEASE : [frontend/src/lib/Main Window/fmt/test/detect-stdfs.cc:17] #error libfound &quot;&quot;\012_LIBCPP_VERSION;__apple_build_version__ : [frontend/src/lib/Main Window/fmt/test/detect-stdfs.cc:17] #error libfound &quot;&quot;" file0="frontend/src/lib/Main Window/fmt/test/detect-stdfs.cc">
            <location file="frontend/src/lib/Main Window/fmt/test/detect-stdfs.cc" line="0" column="0"/>
        </error>
        <error id="knownArgument" severity="style" msg="Argument &apos;prec=0&apos; to function handler is always 0. It does not matter what value &apos;prec&apos; has." verbose="Argument &apos;prec=0&apos; to function handler is always 0. It does not matter what value &apos;prec&apos; has." cwe="570" file0="frontend/src/lib/Main Window/fmt/test/format-impl-test.cc">
            <location file="frontend/src/lib/Main Window/fmt/test/format-impl-test.cc" line="279" column="22" info="Argument &apos;prec=0&apos; to function handler is always 0. It does not matter what value &apos;prec&apos; has."/>
        </error>
        <error id="toomanyconfigs" severity="information" msg="Too many #ifdef configurations - cppcheck only checks 12 of 16 configurations. Use --force to check all configurations." verbose="The checking of the file will be interrupted because there are too many #ifdef configurations. Checking of all #ifdef configurations can be forced by --force command line option or from GUI preferences. However that may increase the checking time." cwe="398">
            <location file="frontend/src/lib/Main Window/fmt/test/format-test.cc" line="0" column="0"/>
        </error>
        <error id="unknownMacro" severity="error" msg="There is an unknown macro here somewhere. Configuration is required. If FMT_BEGIN_NAMESPACE is a macro then please configure it." verbose="There is an unknown macro here somewhere. Configuration is required. If FMT_BEGIN_NAMESPACE is a macro then please configure it." file0="frontend/src/lib/Main Window/fmt/test/format-test.cc">
            <location file="frontend/src/lib/Main Window/fmt/test/format-test.cc" line="1598" column="1"/>
        </error>
        <error id="unknownMacro" severity="error" msg="There is an unknown macro here somewhere. Configuration is required. If FMT_BEGIN_NAMESPACE is a macro then please configure it." verbose="There is an unknown macro here somewhere. Configuration is required. If FMT_BEGIN_NAMESPACE is a macro then please configure it." file0="frontend/src/lib/Main Window/fmt/test/format-test.cc">
            <location file="frontend/src/lib/Main Window/fmt/test/format-test.cc" line="1562" column="1"/>
        </error>
        <error id="unreadVariable" severity="style" msg="Variable &apos;message&apos; is assigned a value that is never used." verbose="Variable &apos;message&apos; is assigned a value that is never used." cwe="563" file0="frontend/src/lib/Main Window/fmt/test/fuzzing/chrono-timepoint.cc">
            <location file="frontend/src/lib/Main Window/fmt/test/fuzzing/chrono-timepoint.cc" line="23" column="23"/>
            <symbol>message</symbol>
        </error>
        <error id="unsignedLessThanZero" severity="style" msg="Checking if unsigned expression &apos;arg_name_size&apos; is less than zero." verbose="The unsigned expression &apos;arg_name_size&apos; will never be negative so it is either pointless or an error to check if it is." cwe="570" file0="frontend/src/lib/Main Window/fmt/test/fuzzing/named-arg.cc">
            <location file="frontend/src/lib/Main Window/fmt/test/fuzzing/named-arg.cc" line="20" column="21" info="Unsigned less than zero"/>
            <symbol>arg_name_size</symbol>
        </error>
        <error id="internalAstError" severity="error" msg="Syntax Error: AST broken, &apos;gtest_ar&apos; doesn&apos;t have a parent." verbose="Syntax Error: AST broken, &apos;gtest_ar&apos; doesn&apos;t have a parent." file0="frontend/src/lib/Main Window/fmt/test/gtest-extra-test.cc">
            <location file="frontend/src/lib/Main Window/fmt/test/gtest-extra-test.cc" line="54" column="7"/>
        </error>
        <error id="toomanyconfigs" severity="information" msg="Too many #ifdef configurations - cppcheck only checks 12 of 160 configurations. Use --force to check all configurations." verbose="The checking of the file will be interrupted because there are too many #ifdef configurations. Checking of all #ifdef configurations can be forced by --force command line option or from GUI preferences. However that may increase the checking time." cwe="398">
            <location file="frontend/src/lib/Main Window/fmt/test/gtest/gmock-gtest-all.cc" line="0" column="0"/>
        </error>
        <error id="preprocessorErrorDirective" severity="error" msg="failed to evaluate #if condition" verbose="failed to evaluate #if condition">
            <location file="frontend/src/lib/Main Window/fmt/test/gtest/gtest/gtest.h" line="2535" column="0"/>
        </error>
        <error id="returnReference" severity="error" msg="Reference to local variable returned." verbose="Reference to local variable returned." cwe="562" file0="frontend/src/lib/Main Window/fmt/test/gtest/gmock-gtest-all.cc">
            <location file="frontend/src/lib/Main Window/fmt/test/gtest/gtest/gtest.h" line="6840" column="12"/>
        </error>
        <error id="returnTempReference" severity="error" msg="Reference to temporary returned." verbose="Reference to temporary returned." cwe="562" file0="frontend/src/lib/Main Window/fmt/test/gtest/gmock-gtest-all.cc">
            <location file="frontend/src/lib/Main Window/fmt/test/gtest/gmock-gtest-all.cc" line="6734" column="10"/>
            <location file="frontend/src/lib/Main Window/fmt/test/gtest/gmock-gtest-all.cc" line="6734" column="15" info="Passed to member function &apos;ad_hoc_test_result&apos;."/>
            <location file="frontend/src/lib/Main Window/fmt/test/gtest/gmock-gtest-all.cc" line="1007" column="57" info="Address of variable taken here."/>
            <location file="frontend/src/lib/Main Window/fmt/test/gtest/gmock-gtest-all.cc" line="1007" column="57" info="Return pointer."/>
        </error>
        <error id="returnTempReference" severity="error" msg="Reference to temporary returned." verbose="Reference to temporary returned." cwe="562" file0="frontend/src/lib/Main Window/fmt/test/gtest/gmock-gtest-all.cc">
            <location file="frontend/src/lib/Main Window/fmt/test/gtest/gmock-gtest-all.cc" line="6746" column="10"/>
            <location file="frontend/src/lib/Main Window/fmt/test/gtest/gmock-gtest-all.cc" line="6746" column="15" info="Passed to member function &apos;listeners&apos;."/>
            <location file="frontend/src/lib/Main Window/fmt/test/gtest/gmock-gtest-all.cc" line="1000" column="44" info="Address of variable taken here."/>
            <location file="frontend/src/lib/Main Window/fmt/test/gtest/gmock-gtest-all.cc" line="1000" column="44" info="Return pointer."/>
        </error>
        <error id="danglingTempReference" severity="error" msg="Using reference to dangling temporary." verbose="Using reference to dangling temporary." cwe="562" file0="frontend/src/lib/Main Window/fmt/test/gtest/gmock-gtest-all.cc">
            <location file="frontend/src/lib/Main Window/fmt/test/gtest/gmock-gtest-all.cc" line="7334" column="29"/>
            <location file="frontend/src/lib/Main Window/fmt/test/gtest/gmock-gtest-all.cc" line="7333" column="39" info="Passed to member function &apos;current_test_result&apos;."/>
            <location file="frontend/src/lib/Main Window/fmt/test/gtest/gmock-gtest-all.cc" line="7672" column="12" info="Address of variable taken here."/>
            <location file="frontend/src/lib/Main Window/fmt/test/gtest/gmock-gtest-all.cc" line="7672" column="12" info="Return pointer."/>
            <location file="frontend/src/lib/Main Window/fmt/test/gtest/gmock-gtest-all.cc" line="7332" column="33" info="Assigned to reference."/>
        </error>
        <error id="danglingTempReference" severity="error" msg="Using reference to dangling temporary." verbose="Using reference to dangling temporary." cwe="562" file0="frontend/src/lib/Main Window/fmt/test/gtest/gmock-gtest-all.cc">
            <location file="frontend/src/lib/Main Window/fmt/test/gtest/gmock-gtest-all.cc" line="7336" column="15"/>
            <location file="frontend/src/lib/Main Window/fmt/test/gtest/gmock-gtest-all.cc" line="7333" column="39" info="Passed to member function &apos;current_test_result&apos;."/>
            <location file="frontend/src/lib/Main Window/fmt/test/gtest/gmock-gtest-all.cc" line="7672" column="12" info="Address of variable taken here."/>
            <location file="frontend/src/lib/Main Window/fmt/test/gtest/gmock-gtest-all.cc" line="7672" column="12" info="Return pointer."/>
            <location file="frontend/src/lib/Main Window/fmt/test/gtest/gmock-gtest-all.cc" line="7332" column="33" info="Assigned to reference."/>
        </error>
        <error id="uninitMemberVar" severity="warning" msg="Member variable &apos;NativeArray::array_&apos; is not initialized in the constructor." verbose="Member variable &apos;NativeArray::array_&apos; is not initialized in the constructor." cwe="398" file0="frontend/src/lib/Main Window/fmt/test/gtest/gmock-gtest-all.cc">
            <location file="frontend/src/lib/Main Window/fmt/test/gtest/gtest/gtest.h" line="4490" column="3"/>
            <symbol>NativeArray::array_</symbol>
        </error>
        <error id="uninitMemberVar" severity="warning" msg="Member variable &apos;NativeArray::size_&apos; is not initialized in the constructor." verbose="Member variable &apos;NativeArray::size_&apos; is not initialized in the constructor." cwe="398" file0="frontend/src/lib/Main Window/fmt/test/gtest/gmock-gtest-all.cc">
            <location file="frontend/src/lib/Main Window/fmt/test/gtest/gtest/gtest.h" line="4490" column="3"/>
            <symbol>NativeArray::size_</symbol>
        </error>
        <error id="uninitMemberVar" severity="warning" msg="Member variable &apos;NativeArray::clone_&apos; is not initialized in the constructor." verbose="Member variable &apos;NativeArray::clone_&apos; is not initialized in the constructor." cwe="398" file0="frontend/src/lib/Main Window/fmt/test/gtest/gmock-gtest-all.cc">
            <location file="frontend/src/lib/Main Window/fmt/test/gtest/gtest/gtest.h" line="4490" column="3"/>
            <symbol>NativeArray::clone_</symbol>
        </error>
        <error id="unusedPrivateFunction" severity="style" msg="Unused private function: &apos;Environment::Setup&apos;" verbose="Unused private function: &apos;Environment::Setup&apos;" cwe="398" file0="frontend/src/lib/Main Window/fmt/test/gtest/gmock-gtest-all.cc">
            <location file="frontend/src/lib/Main Window/fmt/test/gtest/gtest/gtest.h" line="10979" column="42"/>
            <symbol>Environment::Setup</symbol>
        </error>
        <error id="useInitializationList" severity="performance" msg="Variable &apos;color_&apos; is assigned in constructor body. Consider performing initialization in initialization list." verbose="When an object of a class is created, the constructors of all member variables are called consecutively in the order the variables are declared, even if you don&apos;t explicitly write them to the initialization list. You could avoid assigning &apos;color_&apos; a value by passing the value to the constructor in the initialization list." cwe="398" file0="frontend/src/lib/Main Window/fmt/test/gtest/gmock-gtest-all.cc">
            <location file="frontend/src/lib/Main Window/fmt/test/gtest/gmock-gtest-all.cc" line="554" column="5"/>
            <symbol>color_</symbol>
        </error>
        <error id="useInitializationList" severity="performance" msg="Variable &apos;death_test_style_&apos; is assigned in constructor body. Consider performing initialization in initialization list." verbose="When an object of a class is created, the constructors of all member variables are called consecutively in the order the variables are declared, even if you don&apos;t explicitly write them to the initialization list. You could avoid assigning &apos;death_test_style_&apos; a value by passing the value to the constructor in the initialization list." cwe="398" file0="frontend/src/lib/Main Window/fmt/test/gtest/gmock-gtest-all.cc">
            <location file="frontend/src/lib/Main Window/fmt/test/gtest/gmock-gtest-all.cc" line="555" column="5"/>
            <symbol>death_test_style_</symbol>
        </error>
        <error id="useInitializationList" severity="performance" msg="Variable &apos;filter_&apos; is assigned in constructor body. Consider performing initialization in initialization list." verbose="When an object of a class is created, the constructors of all member variables are called consecutively in the order the variables are declared, even if you don&apos;t explicitly write them to the initialization list. You could avoid assigning &apos;filter_&apos; a value by passing the value to the constructor in the initialization list." cwe="398" file0="frontend/src/lib/Main Window/fmt/test/gtest/gmock-gtest-all.cc">
            <location file="frontend/src/lib/Main Window/fmt/test/gtest/gmock-gtest-all.cc" line="558" column="5"/>
            <symbol>filter_</symbol>
        </error>
        <error id="useInitializationList" severity="performance" msg="Variable &apos;internal_run_death_test_&apos; is assigned in constructor body. Consider performing initialization in initialization list." verbose="When an object of a class is created, the constructors of all member variables are called consecutively in the order the variables are declared, even if you don&apos;t explicitly write them to the initialization list. You could avoid assigning &apos;internal_run_death_test_&apos; a value by passing the value to the constructor in the initialization list." cwe="398" file0="frontend/src/lib/Main Window/fmt/test/gtest/gmock-gtest-all.cc">
            <location file="frontend/src/lib/Main Window/fmt/test/gtest/gmock-gtest-all.cc" line="559" column="5"/>
            <symbol>internal_run_death_test_</symbol>
        </error>
        <error id="useInitializationList" severity="performance" msg="Variable &apos;output_&apos; is assigned in constructor body. Consider performing initialization in initialization list." verbose="When an object of a class is created, the constructors of all member variables are called consecutively in the order the variables are declared, even if you don&apos;t explicitly write them to the initialization list. You could avoid assigning &apos;output_&apos; a value by passing the value to the constructor in the initialization list." cwe="398" file0="frontend/src/lib/Main Window/fmt/test/gtest/gmock-gtest-all.cc">
            <location file="frontend/src/lib/Main Window/fmt/test/gtest/gmock-gtest-all.cc" line="561" column="5"/>
            <symbol>output_</symbol>
        </error>
        <error id="useInitializationList" severity="performance" msg="Variable &apos;stream_result_to_&apos; is assigned in constructor body. Consider performing initialization in initialization list." verbose="When an object of a class is created, the constructors of all member variables are called consecutively in the order the variables are declared, even if you don&apos;t explicitly write them to the initialization list. You could avoid assigning &apos;stream_result_to_&apos; a value by passing the value to the constructor in the initialization list." cwe="398" file0="frontend/src/lib/Main Window/fmt/test/gtest/gmock-gtest-all.cc">
            <location file="frontend/src/lib/Main Window/fmt/test/gtest/gmock-gtest-all.cc" line="569" column="5"/>
            <symbol>stream_result_to_</symbol>
        </error>
        <error id="noExplicitConstructor" severity="style" msg="Class &apos;RE&apos; has a constructor with 1 argument that is not explicit." verbose="Class &apos;RE&apos; has a constructor with 1 argument that is not explicit. Such constructors should in general be explicit for type safety reasons. Using the explicit keyword in the constructor means some mistakes when using the class can be avoided." cwe="398" file0="frontend/src/lib/Main Window/fmt/test/gtest/gmock-gtest-all.cc">
            <location file="frontend/src/lib/Main Window/fmt/test/gtest/gtest/gtest.h" line="1149" column="3"/>
            <symbol>RE</symbol>
        </error>
        <error id="noExplicitConstructor" severity="style" msg="Class &apos;RE&apos; has a constructor with 1 argument that is not explicit." verbose="Class &apos;RE&apos; has a constructor with 1 argument that is not explicit. Such constructors should in general be explicit for type safety reasons. Using the explicit keyword in the constructor means some mistakes when using the class can be avoided." cwe="398" file0="frontend/src/lib/Main Window/fmt/test/gtest/gmock-gtest-all.cc">
            <location file="frontend/src/lib/Main Window/fmt/test/gtest/gtest/gtest.h" line="1151" column="3"/>
            <symbol>RE</symbol>
        </error>
        <error id="noExplicitConstructor" severity="style" msg="Class &apos;IgnoredValue&apos; has a constructor with 1 argument that is not explicit." verbose="Class &apos;IgnoredValue&apos; has a constructor with 1 argument that is not explicit. Such constructors should in general be explicit for type safety reasons. Using the explicit keyword in the constructor means some mistakes when using the class can be avoided." cwe="398" file0="frontend/src/lib/Main Window/fmt/test/gtest/gmock-gtest-all.cc">
            <location file="frontend/src/lib/Main Window/fmt/test/gtest/gtest/gtest.h" line="3513" column="3"/>
            <symbol>IgnoredValue</symbol>
        </error>
        <error id="noExplicitConstructor" severity="style" msg="Struct &apos;ConstCharPtr&apos; has a constructor with 1 argument that is not explicit." verbose="Struct &apos;ConstCharPtr&apos; has a constructor with 1 argument that is not explicit. Such constructors should in general be explicit for type safety reasons. Using the explicit keyword in the constructor means some mistakes when using the class can be avoided." cwe="398" file0="frontend/src/lib/Main Window/fmt/test/gtest/gmock-gtest-all.cc">
            <location file="frontend/src/lib/Main Window/fmt/test/gtest/gtest/gtest.h" line="4228" column="3"/>
            <symbol>ConstCharPtr</symbol>
        </error>
        <error id="noExplicitConstructor" severity="style" msg="Struct &apos;Ignore&apos; has a constructor with 1 argument that is not explicit." verbose="Struct &apos;Ignore&apos; has a constructor with 1 argument that is not explicit. Such constructors should in general be explicit for type safety reasons. Using the explicit keyword in the constructor means some mistakes when using the class can be avoided." cwe="398" file0="frontend/src/lib/Main Window/fmt/test/gtest/gmock-gtest-all.cc">
            <location file="frontend/src/lib/Main Window/fmt/test/gtest/gtest/gtest.h" line="4570" column="3"/>
            <symbol>Ignore</symbol>
        </error>
        <error id="noExplicitConstructor" severity="style" msg="Class &apos;Matcher&apos; has a constructor with 1 argument that is not explicit." verbose="Class &apos;Matcher&apos; has a constructor with 1 argument that is not explicit. Such constructors should in general be explicit for type safety reasons. Using the explicit keyword in the constructor means some mistakes when using the class can be avoided." cwe="398" file0="frontend/src/lib/Main Window/fmt/test/gtest/gmock-gtest-all.cc">
            <location file="frontend/src/lib/Main Window/fmt/test/gtest/gtest/gtest.h" line="6605" column="3"/>
            <symbol>Matcher</symbol>
        </error>
        <error id="noExplicitConstructor" severity="style" msg="Class &apos;Matcher&apos; has a constructor with 1 argument that is not explicit." verbose="Class &apos;Matcher&apos; has a constructor with 1 argument that is not explicit. Such constructors should in general be explicit for type safety reasons. Using the explicit keyword in the constructor means some mistakes when using the class can be avoided." cwe="398" file0="frontend/src/lib/Main Window/fmt/test/gtest/gmock-gtest-all.cc">
            <location file="frontend/src/lib/Main Window/fmt/test/gtest/gtest/gtest.h" line="6609" column="3"/>
            <symbol>Matcher</symbol>
        </error>
        <error id="noExplicitConstructor" severity="style" msg="Class &apos;Matcher &lt; const std :: string &amp; &gt;&apos; has a constructor with 1 argument that is not explicit." verbose="Class &apos;Matcher &lt; const std :: string &amp; &gt;&apos; has a constructor with 1 argument that is not explicit. Such constructors should in general be explicit for type safety reasons. Using the explicit keyword in the constructor means some mistakes when using the class can be avoided." cwe="398" file0="frontend/src/lib/Main Window/fmt/test/gtest/gmock-gtest-all.cc">
            <location file="frontend/src/lib/Main Window/fmt/test/gtest/gtest/gtest.h" line="6626" column="3"/>
            <symbol>Matcher &lt; const std :: string &amp; &gt;</symbol>
        </error>
        <error id="noExplicitConstructor" severity="style" msg="Class &apos;Matcher &lt; const std :: string &amp; &gt;&apos; has a constructor with 1 argument that is not explicit." verbose="Class &apos;Matcher &lt; const std :: string &amp; &gt;&apos; has a constructor with 1 argument that is not explicit. Such constructors should in general be explicit for type safety reasons. Using the explicit keyword in the constructor means some mistakes when using the class can be avoided." cwe="398" file0="frontend/src/lib/Main Window/fmt/test/gtest/gmock-gtest-all.cc">
            <location file="frontend/src/lib/Main Window/fmt/test/gtest/gtest/gtest.h" line="6631" column="3"/>
            <symbol>Matcher &lt; const std :: string &amp; &gt;</symbol>
        </error>
        <error id="noExplicitConstructor" severity="style" msg="Class &apos;Matcher &lt; const std :: string &amp; &gt;&apos; has a constructor with 1 argument that is not explicit." verbose="Class &apos;Matcher &lt; const std :: string &amp; &gt;&apos; has a constructor with 1 argument that is not explicit. Such constructors should in general be explicit for type safety reasons. Using the explicit keyword in the constructor means some mistakes when using the class can be avoided." cwe="398" file0="frontend/src/lib/Main Window/fmt/test/gtest/gmock-gtest-all.cc">
            <location file="frontend/src/lib/Main Window/fmt/test/gtest/gtest/gtest.h" line="6634" column="3"/>
            <symbol>Matcher &lt; const std :: string &amp; &gt;</symbol>
        </error>
        <error id="noExplicitConstructor" severity="style" msg="Class &apos;Matcher &lt; std :: string &gt;&apos; has a constructor with 1 argument that is not explicit." verbose="Class &apos;Matcher &lt; std :: string &gt;&apos; has a constructor with 1 argument that is not explicit. Such constructors should in general be explicit for type safety reasons. Using the explicit keyword in the constructor means some mistakes when using the class can be avoided." cwe="398" file0="frontend/src/lib/Main Window/fmt/test/gtest/gmock-gtest-all.cc">
            <location file="frontend/src/lib/Main Window/fmt/test/gtest/gtest/gtest.h" line="6650" column="3"/>
            <symbol>Matcher &lt; std :: string &gt;</symbol>
        </error>
        <error id="noExplicitConstructor" severity="style" msg="Class &apos;Matcher &lt; std :: string &gt;&apos; has a constructor with 1 argument that is not explicit." verbose="Class &apos;Matcher &lt; std :: string &gt;&apos; has a constructor with 1 argument that is not explicit. Such constructors should in general be explicit for type safety reasons. Using the explicit keyword in the constructor means some mistakes when using the class can be avoided." cwe="398" file0="frontend/src/lib/Main Window/fmt/test/gtest/gmock-gtest-all.cc">
            <location file="frontend/src/lib/Main Window/fmt/test/gtest/gtest/gtest.h" line="6655" column="3"/>
            <symbol>Matcher &lt; std :: string &gt;</symbol>
        </error>
        <error id="noExplicitConstructor" severity="style" msg="Class &apos;Matcher &lt; std :: string &gt;&apos; has a constructor with 1 argument that is not explicit." verbose="Class &apos;Matcher &lt; std :: string &gt;&apos; has a constructor with 1 argument that is not explicit. Such constructors should in general be explicit for type safety reasons. Using the explicit keyword in the constructor means some mistakes when using the class can be avoided." cwe="398" file0="frontend/src/lib/Main Window/fmt/test/gtest/gmock-gtest-all.cc">
            <location file="frontend/src/lib/Main Window/fmt/test/gtest/gtest/gtest.h" line="6658" column="3"/>
            <symbol>Matcher &lt; std :: string &gt;</symbol>
        </error>
        <error id="noExplicitConstructor" severity="style" msg="Class &apos;Matcher &lt; const :: absl :: string_view &amp; &gt;&apos; has a constructor with 1 argument that is not explicit." verbose="Class &apos;Matcher &lt; const :: absl :: string_view &amp; &gt;&apos; has a constructor with 1 argument that is not explicit. Such constructors should in general be explicit for type safety reasons. Using the explicit keyword in the constructor means some mistakes when using the class can be avoided." cwe="398" file0="frontend/src/lib/Main Window/fmt/test/gtest/gmock-gtest-all.cc">
            <location file="frontend/src/lib/Main Window/fmt/test/gtest/gtest/gtest.h" line="6676" column="3"/>
            <symbol>Matcher &lt; const :: absl :: string_view &amp; &gt;</symbol>
        </error>
        <error id="noExplicitConstructor" severity="style" msg="Class &apos;Matcher &lt; const :: absl :: string_view &amp; &gt;&apos; has a constructor with 1 argument that is not explicit." verbose="Class &apos;Matcher &lt; const :: absl :: string_view &amp; &gt;&apos; has a constructor with 1 argument that is not explicit. Such constructors should in general be explicit for type safety reasons. Using the explicit keyword in the constructor means some mistakes when using the class can be avoided." cwe="398" file0="frontend/src/lib/Main Window/fmt/test/gtest/gmock-gtest-all.cc">
            <location file="frontend/src/lib/Main Window/fmt/test/gtest/gtest/gtest.h" line="6682" column="3"/>
            <symbol>Matcher &lt; const :: absl :: string_view &amp; &gt;</symbol>
        </error>
        <error id="noExplicitConstructor" severity="style" msg="Class &apos;Matcher &lt; const :: absl :: string_view &amp; &gt;&apos; has a constructor with 1 argument that is not explicit." verbose="Class &apos;Matcher &lt; const :: absl :: string_view &amp; &gt;&apos; has a constructor with 1 argument that is not explicit. Such constructors should in general be explicit for type safety reasons. Using the explicit keyword in the constructor means some mistakes when using the class can be avoided." cwe="398" file0="frontend/src/lib/Main Window/fmt/test/gtest/gmock-gtest-all.cc">
            <location file="frontend/src/lib/Main Window/fmt/test/gtest/gtest/gtest.h" line="6685" column="3"/>
            <symbol>Matcher &lt; const :: absl :: string_view &amp; &gt;</symbol>
        </error>
        <error id="noExplicitConstructor" severity="style" msg="Class &apos;Matcher &lt; const :: absl :: string_view &amp; &gt;&apos; has a constructor with 1 argument that is not explicit." verbose="Class &apos;Matcher &lt; const :: absl :: string_view &amp; &gt;&apos; has a constructor with 1 argument that is not explicit. Such constructors should in general be explicit for type safety reasons. Using the explicit keyword in the constructor means some mistakes when using the class can be avoided." cwe="398" file0="frontend/src/lib/Main Window/fmt/test/gtest/gmock-gtest-all.cc">
            <location file="frontend/src/lib/Main Window/fmt/test/gtest/gtest/gtest.h" line="6688" column="3"/>
            <symbol>Matcher &lt; const :: absl :: string_view &amp; &gt;</symbol>
        </error>
        <error id="noExplicitConstructor" severity="style" msg="Class &apos;Matcher &lt; :: absl :: string_view &gt;&apos; has a constructor with 1 argument that is not explicit." verbose="Class &apos;Matcher &lt; :: absl :: string_view &gt;&apos; has a constructor with 1 argument that is not explicit. Such constructors should in general be explicit for type safety reasons. Using the explicit keyword in the constructor means some mistakes when using the class can be avoided." cwe="398" file0="frontend/src/lib/Main Window/fmt/test/gtest/gmock-gtest-all.cc">
            <location file="frontend/src/lib/Main Window/fmt/test/gtest/gtest/gtest.h" line="6704" column="3"/>
            <symbol>Matcher &lt; :: absl :: string_view &gt;</symbol>
        </error>
        <error id="noExplicitConstructor" severity="style" msg="Class &apos;Matcher &lt; :: absl :: string_view &gt;&apos; has a constructor with 1 argument that is not explicit." verbose="Class &apos;Matcher &lt; :: absl :: string_view &gt;&apos; has a constructor with 1 argument that is not explicit. Such constructors should in general be explicit for type safety reasons. Using the explicit keyword in the constructor means some mistakes when using the class can be avoided." cwe="398" file0="frontend/src/lib/Main Window/fmt/test/gtest/gmock-gtest-all.cc">
            <location file="frontend/src/lib/Main Window/fmt/test/gtest/gtest/gtest.h" line="6709" column="3"/>
            <symbol>Matcher &lt; :: absl :: string_view &gt;</symbol>
        </error>
        <error id="noExplicitConstructor" severity="style" msg="Class &apos;Matcher &lt; :: absl :: string_view &gt;&apos; has a constructor with 1 argument that is not explicit." verbose="Class &apos;Matcher &lt; :: absl :: string_view &gt;&apos; has a constructor with 1 argument that is not explicit. Such constructors should in general be explicit for type safety reasons. Using the explicit keyword in the constructor means some mistakes when using the class can be avoided." cwe="398" file0="frontend/src/lib/Main Window/fmt/test/gtest/gmock-gtest-all.cc">
            <location file="frontend/src/lib/Main Window/fmt/test/gtest/gtest/gtest.h" line="6712" column="3"/>
            <symbol>Matcher &lt; :: absl :: string_view &gt;</symbol>
        </error>
        <error id="noExplicitConstructor" severity="style" msg="Class &apos;Matcher &lt; :: absl :: string_view &gt;&apos; has a constructor with 1 argument that is not explicit." verbose="Class &apos;Matcher &lt; :: absl :: string_view &gt;&apos; has a constructor with 1 argument that is not explicit. Such constructors should in general be explicit for type safety reasons. Using the explicit keyword in the constructor means some mistakes when using the class can be avoided." cwe="398" file0="frontend/src/lib/Main Window/fmt/test/gtest/gmock-gtest-all.cc">
            <location file="frontend/src/lib/Main Window/fmt/test/gtest/gtest/gtest.h" line="6715" column="3"/>
            <symbol>Matcher &lt; :: absl :: string_view &gt;</symbol>
        </error>
        <error id="noExplicitConstructor" severity="style" msg="Class &apos;CartesianProductGenerator&apos; has a constructor with 1 argument that is not explicit." verbose="Class &apos;CartesianProductGenerator&apos; has a constructor with 1 argument that is not explicit. Such constructors should in general be explicit for type safety reasons. Using the explicit keyword in the constructor means some mistakes when using the class can be avoided." cwe="398" file0="frontend/src/lib/Main Window/fmt/test/gtest/gmock-gtest-all.cc">
            <location file="frontend/src/lib/Main Window/fmt/test/gtest/gtest/gtest.h" line="8775" column="3"/>
            <symbol>CartesianProductGenerator</symbol>
        </error>
        <error id="noExplicitConstructor" severity="style" msg="Class &apos;CartesianProductHolder&apos; has a constructor with 1 argument that is not explicit." verbose="Class &apos;CartesianProductHolder&apos; has a constructor with 1 argument that is not explicit. Such constructors should in general be explicit for type safety reasons. Using the explicit keyword in the constructor means some mistakes when using the class can be avoided." cwe="398" file0="frontend/src/lib/Main Window/fmt/test/gtest/gmock-gtest-all.cc">
            <location file="frontend/src/lib/Main Window/fmt/test/gtest/gtest/gtest.h" line="8888" column="3"/>
            <symbol>CartesianProductHolder</symbol>
        </error>
        <error id="noExplicitConstructor" severity="style" msg="Class &apos;Action&apos; has a constructor with 1 argument that is not explicit." verbose="Class &apos;Action&apos; has a constructor with 1 argument that is not explicit. Such constructors should in general be explicit for type safety reasons. Using the explicit keyword in the constructor means some mistakes when using the class can be avoided." cwe="398" file0="frontend/src/lib/Main Window/fmt/test/gtest/gmock-gtest-all.cc">
            <location file="frontend/src/lib/Main Window/fmt/test/gtest/gmock/gmock.h" line="1387" column="3"/>
            <symbol>Action</symbol>
        </error>
        <error id="knownConditionTrueFalse" severity="style" msg="Condition &apos;!AlwaysTrue()&apos; is always false" verbose="Condition &apos;!AlwaysTrue()&apos; is always false" cwe="570" file0="frontend/src/lib/Main Window/fmt/test/gtest/gmock-gtest-all.cc">
            <location file="frontend/src/lib/Main Window/fmt/test/gtest/gtest/gtest.h" line="4222" column="36" info="Condition &apos;!AlwaysTrue()&apos; is always false"/>
        </error>
        <error id="knownConditionTrueFalse" severity="style" msg="Condition &apos;os_stack_trace.c_str()!=nullptr&apos; is always true" verbose="Condition &apos;os_stack_trace.c_str()!=nullptr&apos; is always true" cwe="571" file0="frontend/src/lib/Main Window/fmt/test/gtest/gmock-gtest-all.cc">
            <location file="frontend/src/lib/Main Window/fmt/test/gtest/gmock-gtest-all.cc" line="6792" column="30" info="Condition &apos;os_stack_trace.c_str()!=nullptr&apos; is always true"/>
        </error>
        <error id="knownConditionTrueFalse" severity="style" msg="Condition &apos;in_subprocess_for_death_test&apos; is always false" verbose="Condition &apos;in_subprocess_for_death_test&apos; is always false" cwe="570" file0="frontend/src/lib/Main Window/fmt/test/gtest/gmock-gtest-all.cc">
            <location file="frontend/src/lib/Main Window/fmt/test/gtest/gmock-gtest-all.cc" line="7298" column="22" info="Condition &apos;in_subprocess_for_death_test&apos; is always false"/>
            <location file="frontend/src/lib/Main Window/fmt/test/gtest/gmock-gtest-all.cc" line="7279" column="7" info="Assuming condition is false"/>
            <location file="frontend/src/lib/Main Window/fmt/test/gtest/gmock-gtest-all.cc" line="7257" column="39" info="Assignment &apos;in_subprocess_for_death_test=false&apos;, assigned value is 0"/>
        </error>
        <error id="nullPointerRedundantCheck" severity="warning" msg="Either the condition &apos;file==nullptr&apos; is redundant or there is possible null pointer dereference: fp." verbose="Either the condition &apos;file==nullptr&apos; is redundant or there is possible null pointer dereference: fp." cwe="476" file0="frontend/src/lib/Main Window/fmt/test/gtest/gmock-gtest-all.cc">
            <location file="frontend/src/lib/Main Window/fmt/test/gtest/gtest/gtest.h" line="2341" column="45" info="Null pointer dereference"/>
            <location file="frontend/src/lib/Main Window/fmt/test/gtest/gmock-gtest-all.cc" line="11477" column="19" info="Calling function &apos;FClose&apos;, 1st argument &apos;file&apos; value is 0"/>
            <location file="frontend/src/lib/Main Window/fmt/test/gtest/gmock-gtest-all.cc" line="11472" column="14" info="Assuming that condition &apos;file==nullptr&apos; is not redundant"/>
            <symbol>fp</symbol>
        </error>
        <error id="nullPointer" severity="error" msg="Null pointer dereference: static_cast&lt;volatile int*&gt;(nullptr)" verbose="Null pointer dereference: static_cast&lt;volatile int*&gt;(nullptr)" cwe="476" file0="frontend/src/lib/Main Window/fmt/test/gtest/gmock-gtest-all.cc">
            <location file="frontend/src/lib/Main Window/fmt/test/gtest/gmock-gtest-all.cc" line="6823" column="34" info="Null pointer dereference"/>
            <symbol>static_cast&lt;volatile int*&gt;(nullptr)</symbol>
        </error>
        <error id="nullPointerRedundantCheck" severity="warning" msg="Either the condition &apos;file==nullptr&apos; is redundant or there is possible null pointer dereference: file." verbose="Either the condition &apos;file==nullptr&apos; is redundant or there is possible null pointer dereference: file." cwe="476" file0="frontend/src/lib/Main Window/fmt/test/gtest/gmock-gtest-all.cc">
            <location file="frontend/src/lib/Main Window/fmt/test/gtest/gmock-gtest-all.cc" line="11542" column="9" info="Null pointer dereference"/>
            <location file="frontend/src/lib/Main Window/fmt/test/gtest/gmock-gtest-all.cc" line="11547" column="40" info="Calling function &apos;GetFileSize&apos;, 1st argument &apos;file&apos; value is 0"/>
            <location file="frontend/src/lib/Main Window/fmt/test/gtest/gmock-gtest-all.cc" line="11476" column="48" info="Calling function &apos;ReadEntireFile&apos;, 1st argument &apos;file&apos; value is 0"/>
            <location file="frontend/src/lib/Main Window/fmt/test/gtest/gmock-gtest-all.cc" line="11472" column="14" info="Assuming that condition &apos;file==nullptr&apos; is not redundant"/>
            <symbol>file</symbol>
        </error>
        <error id="nullPointerRedundantCheck" severity="warning" msg="Either the condition &apos;file==nullptr&apos; is redundant or there is possible null pointer dereference: file." verbose="Either the condition &apos;file==nullptr&apos; is redundant or there is possible null pointer dereference: file." cwe="476" file0="frontend/src/lib/Main Window/fmt/test/gtest/gmock-gtest-all.cc">
            <location file="frontend/src/lib/Main Window/fmt/test/gtest/gmock-gtest-all.cc" line="11543" column="36" info="Null pointer dereference"/>
            <location file="frontend/src/lib/Main Window/fmt/test/gtest/gmock-gtest-all.cc" line="11547" column="40" info="Calling function &apos;GetFileSize&apos;, 1st argument &apos;file&apos; value is 0"/>
            <location file="frontend/src/lib/Main Window/fmt/test/gtest/gmock-gtest-all.cc" line="11476" column="48" info="Calling function &apos;ReadEntireFile&apos;, 1st argument &apos;file&apos; value is 0"/>
            <location file="frontend/src/lib/Main Window/fmt/test/gtest/gmock-gtest-all.cc" line="11472" column="14" info="Assuming that condition &apos;file==nullptr&apos; is not redundant"/>
            <symbol>file</symbol>
        </error>
        <error id="nullPointerRedundantCheck" severity="warning" msg="Either the condition &apos;file==nullptr&apos; is redundant or there is possible null pointer dereference: file." verbose="Either the condition &apos;file==nullptr&apos; is redundant or there is possible null pointer dereference: file." cwe="476" file0="frontend/src/lib/Main Window/fmt/test/gtest/gmock-gtest-all.cc">
            <location file="frontend/src/lib/Main Window/fmt/test/gtest/gmock-gtest-all.cc" line="11553" column="9" info="Null pointer dereference"/>
            <location file="frontend/src/lib/Main Window/fmt/test/gtest/gmock-gtest-all.cc" line="11476" column="48" info="Calling function &apos;ReadEntireFile&apos;, 1st argument &apos;file&apos; value is 0"/>
            <location file="frontend/src/lib/Main Window/fmt/test/gtest/gmock-gtest-all.cc" line="11472" column="14" info="Assuming that condition &apos;file==nullptr&apos; is not redundant"/>
            <symbol>file</symbol>
        </error>
        <error id="passedByValue" severity="performance" msg="Function parameter &apos;code_location&apos; should be passed by const reference." verbose="Parameter &apos;code_location&apos; is passed by value. It could be passed as a const reference which is usually faster and recommended in C++." cwe="398" file0="frontend/src/lib/Main Window/fmt/test/gtest/gmock-gtest-all.cc">
            <location file="frontend/src/lib/Main Window/fmt/test/gtest/gtest/gtest.h" line="8462" column="52"/>
            <symbol>code_location</symbol>
        </error>
        <error id="passedByValue" severity="performance" msg="Function parameter &apos;code_location&apos; should be passed by const reference." verbose="Parameter &apos;code_location&apos; is passed by value. It could be passed as a const reference which is usually faster and recommended in C++." cwe="398" file0="frontend/src/lib/Main Window/fmt/test/gtest/gmock-gtest-all.cc">
            <location file="frontend/src/lib/Main Window/fmt/test/gtest/gtest/gtest.h" line="8479" column="36"/>
            <symbol>code_location</symbol>
        </error>
        <error id="passedByValue" severity="performance" msg="Function parameter &apos;a_code_location&apos; should be passed by const reference." verbose="Parameter &apos;a_code_location&apos; is passed by value. It could be passed as a const reference which is usually faster and recommended in C++." cwe="398" file0="frontend/src/lib/Main Window/fmt/test/gtest/gmock-gtest-all.cc">
            <location file="frontend/src/lib/Main Window/fmt/test/gtest/gtest/gtest.h" line="8570" column="27"/>
            <symbol>a_code_location</symbol>
        </error>
        <error id="passedByValue" severity="performance" msg="Function parameter &apos;c&apos; should be passed by const reference." verbose="Parameter &apos;c&apos; is passed by value. It could be passed as a const reference which is usually faster and recommended in C++." cwe="398" file0="frontend/src/lib/Main Window/fmt/test/gtest/gmock-gtest-all.cc">
            <location file="frontend/src/lib/Main Window/fmt/test/gtest/gtest/gtest.h" line="8720" column="58"/>
            <symbol>c</symbol>
        </error>
        <error id="passedByValue" severity="performance" msg="Function parameter &apos;code_location&apos; should be passed by const reference." verbose="Parameter &apos;code_location&apos; is passed by value. It could be passed as a const reference which is usually faster and recommended in C++." cwe="398" file0="frontend/src/lib/Main Window/fmt/test/gtest/gmock-gtest-all.cc">
            <location file="frontend/src/lib/Main Window/fmt/test/gtest/gmock-gtest-all.cc" line="2004" column="54"/>
            <symbol>code_location</symbol>
        </error>
        <error id="passedByValue" severity="performance" msg="Function parameter &apos;code_location&apos; should be passed by const reference." verbose="Parameter &apos;code_location&apos; is passed by value. It could be passed as a const reference which is usually faster and recommended in C++." cwe="398" file0="frontend/src/lib/Main Window/fmt/test/gtest/gmock-gtest-all.cc">
            <location file="frontend/src/lib/Main Window/fmt/test/gtest/gmock-gtest-all.cc" line="2016" column="47"/>
            <symbol>code_location</symbol>
        </error>
        <error id="passedByValue" severity="performance" msg="Function parameter &apos;a_code_location&apos; should be passed by const reference." verbose="Parameter &apos;a_code_location&apos; is passed by value. It could be passed as a const reference which is usually faster and recommended in C++." cwe="398" file0="frontend/src/lib/Main Window/fmt/test/gtest/gmock-gtest-all.cc">
            <location file="frontend/src/lib/Main Window/fmt/test/gtest/gmock-gtest-all.cc" line="4208" column="43"/>
            <symbol>a_code_location</symbol>
        </error>
        <error id="passedByValue" severity="performance" msg="Function parameter &apos;code_location&apos; should be passed by const reference." verbose="Parameter &apos;code_location&apos; is passed by value. It could be passed as a const reference which is usually faster and recommended in C++." cwe="398" file0="frontend/src/lib/Main Window/fmt/test/gtest/gmock-gtest-all.cc">
            <location file="frontend/src/lib/Main Window/fmt/test/gtest/gmock-gtest-all.cc" line="4249" column="43"/>
            <symbol>code_location</symbol>
        </error>
        <error id="constParameter" severity="style" msg="Parameter &apos;def&apos; can be declared with const" verbose="Parameter &apos;def&apos; can be declared with const" cwe="398" file0="frontend/src/lib/Main Window/fmt/test/gtest/gmock-gtest-all.cc">
            <location file="frontend/src/lib/Main Window/fmt/test/gtest/gtest/gtest.h" line="3885" column="62" info="Parameter &apos;def&apos; can be declared with const"/>
            <symbol>def</symbol>
        </error>
        <error id="stlcstrParam" severity="performance" msg="Passing the result of c_str() to a function that takes std::string as argument no. 1 is slow and redundant." verbose="The conversion from const char* as returned by c_str() to std::string creates an unnecessary string copy. Solve that by directly passing the string." cwe="704" file0="frontend/src/lib/Main Window/fmt/test/gtest/gmock-gtest-all.cc">
            <location file="frontend/src/lib/Main Window/fmt/test/gtest/gmock-gtest-all.cc" line="5763" column="18"/>
        </error>
        <error id="useStlAlgorithm" severity="style" msg="Consider using std::find_if algorithm instead of a raw loop." verbose="Consider using std::find_if algorithm instead of a raw loop." cwe="398" file0="frontend/src/lib/Main Window/fmt/test/gtest/gmock-gtest-all.cc">
            <location file="frontend/src/lib/Main Window/fmt/test/gtest/gtest/gtest.h" line="8655" column="67"/>
        </error>
        <error id="useStlAlgorithm" severity="style" msg="Consider using std::accumulate algorithm instead of a raw loop." verbose="Consider using std::accumulate algorithm instead of a raw loop." cwe="398" file0="frontend/src/lib/Main Window/fmt/test/gtest/gmock-gtest-all.cc">
            <location file="frontend/src/lib/Main Window/fmt/test/gtest/gmock-gtest-all.cc" line="5869" column="17"/>
        </error>
        <error id="preprocessorErrorDirective" severity="error" msg="failed to evaluate #if condition" verbose="failed to evaluate #if condition">
            <location file="frontend/src/lib/Main Window/fmt/test/module-test.cc" line="31" column="0"/>
        </error>
        <error id="noValidConfiguration" severity="information" msg="This file is not analyzed. Cppcheck failed to extract a valid configuration. Use -v for more details." verbose="This file is not analyzed. Cppcheck failed to extract a valid configuration. The tested configurations have these preprocessor errors:\012&apos;&apos; : [frontend/src/lib/Main Window/fmt/test/module-test.cc:31] failed to evaluate #if condition\012FMT_CORE_H_;FMT_FORMAT_H_ : [frontend/src/lib/Main Window/fmt/test/module-test.cc:31] failed to evaluate #if condition\012WINAPI_FAMILY;__APPLE__;__linux__ : [frontend/src/lib/Main Window/fmt/test/module-test.cc:31] failed to evaluate #if condition\012_MSC_FULL_VER : [frontend/src/lib/Main Window/fmt/test/module-test.cc:31] failed to evaluate #if condition\012_MSC_VER : [frontend/src/lib/Main Window/fmt/test/module-test.cc:31] failed to evaluate #if condition\012_WIN32 : [frontend/src/lib/Main Window/fmt/test/module-test.cc:31] failed to evaluate #if condition\012_WIN32;__MINGW32__ : [frontend/src/lib/Main Window/fmt/test/module-test.cc:31] failed to evaluate #if condition" file0="frontend/src/lib/Main Window/fmt/test/module-test.cc">
            <location file="frontend/src/lib/Main Window/fmt/test/module-test.cc" line="0" column="0"/>
        </error>
        <error id="redundantInitialization" severity="style" msg="Redundant initialization for &apos;result&apos;. The initialized value is overwritten before it is read." verbose="Redundant initialization for &apos;result&apos;. The initialized value is overwritten before it is read." cwe="563" file0="frontend/src/lib/Main Window/fmt/test/os-test.cc">
            <location file="frontend/src/lib/Main Window/fmt/test/os-test.cc" line="151" column="3" info="result is overwritten"/>
            <location file="frontend/src/lib/Main Window/fmt/test/os-test.cc" line="150" column="15" info="result is initialized"/>
            <symbol>result</symbol>
        </error>
        <error id="redundantInitialization" severity="style" msg="Redundant initialization for &apos;f&apos;. The initialized value is overwritten before it is read." verbose="Redundant initialization for &apos;f&apos;. The initialized value is overwritten before it is read." cwe="563" file0="frontend/src/lib/Main Window/fmt/test/os-test.cc">
            <location file="frontend/src/lib/Main Window/fmt/test/os-test.cc" line="218" column="5" info="f is overwritten"/>
            <location file="frontend/src/lib/Main Window/fmt/test/os-test.cc" line="217" column="10" info="f is initialized"/>
            <symbol>f</symbol>
        </error>
        <error id="syntaxError" severity="error" msg="syntax error" verbose="syntax error" file0="frontend/src/lib/Main Window/fmt/test/ostream-test.cc">
            <location file="frontend/src/lib/Main Window/fmt/test/ostream-test.cc" line="71" column="24"/>
        </error>
        <error id="toomanyconfigs" severity="information" msg="Too many #ifdef configurations - cppcheck only checks 12 of 14 configurations. Use --force to check all configurations." verbose="The checking of the file will be interrupted because there are too many #ifdef configurations. Checking of all #ifdef configurations can be forced by --force command line option or from GUI preferences. However that may increase the checking time." cwe="398">
            <location file="frontend/src/lib/Main Window/fmt/test/posix-mock-test.cc" line="0" column="0"/>
        </error>
        <error id="syntaxError" severity="error" msg="syntax error" verbose="syntax error" file0="frontend/src/lib/Main Window/fmt/test/printf-test.cc">
            <location file="frontend/src/lib/Main Window/fmt/test/printf-test.cc" line="509" column="23"/>
        </error>
        <error id="noExplicitConstructor" severity="style" msg="Struct &apos;iterator&apos; has a constructor with 1 argument that is not explicit." verbose="Struct &apos;iterator&apos; has a constructor with 1 argument that is not explicit. Such constructors should in general be explicit for type safety reasons. Using the explicit keyword in the constructor means some mistakes when using the class can be avoided." cwe="398" file0="frontend/src/lib/Main Window/fmt/test/ranges-test.cc">
            <location file="frontend/src/lib/Main Window/fmt/test/ranges-test.cc" line="309" column="5"/>
            <symbol>iterator</symbol>
        </error>
        <error id="unknownMacro" severity="error" msg="There is an unknown macro here somewhere. Configuration is required. If FMT_BEGIN_NAMESPACE is a macro then please configure it." verbose="There is an unknown macro here somewhere. Configuration is required. If FMT_BEGIN_NAMESPACE is a macro then please configure it." file0="frontend/src/lib/Main Window/fmt/test/scan-test.cc">
            <location file="frontend/src/lib/Main Window/fmt/test/scan.h" line="14" column="1"/>
        </error>
        <error id="unknownMacro" severity="error" msg="There is an unknown macro here somewhere. Configuration is required. If FMT_BEGIN_NAMESPACE is a macro then please configure it." verbose="There is an unknown macro here somewhere. Configuration is required. If FMT_BEGIN_NAMESPACE is a macro then please configure it." file0="frontend/src/lib/Main Window/fmt/test/xchar-test.cc">
            <location file="frontend/src/lib/Main Window/fmt/test/xchar-test.cc" line="456" column="1"/>
        </error>
        <error id="useStlAlgorithm" severity="style" msg="Consider using std::find_if algorithm instead of a raw loop." verbose="Consider using std::find_if algorithm instead of a raw loop." cwe="398" file0="frontend/src/lib/Main Window/gamestateservice.cpp">
            <location file="frontend/src/lib/Main Window/gamestateservice.cpp" line="41" column="68"/>
        </error>
        <error id="constVariable" severity="style" msg="Variable &apos;settingsService&apos; can be declared with const" verbose="Variable &apos;settingsService&apos; can be declared with const" cwe="398" file0="frontend/src/lib/Main Window/lobby.cpp">
            <location file="frontend/src/lib/Main Window/lobby.cpp" line="60" column="22" info="Variable &apos;settingsService&apos; can be declared with const"/>
            <symbol>settingsService</symbol>
        </error>
        <error id="constVariable" severity="style" msg="Variable &apos;settingsService&apos; can be declared with const" verbose="Variable &apos;settingsService&apos; can be declared with const" cwe="398" file0="frontend/src/lib/Main Window/mainwindow.cpp">
            <location file="frontend/src/lib/Main Window/mainwindow.cpp" line="57" column="22" info="Variable &apos;settingsService&apos; can be declared with const"/>
            <symbol>settingsService</symbol>
        </error>
        <error id="shadowVariable" severity="style" msg="Local variable &apos;settingsFile&apos; shadows outer variable" verbose="Local variable &apos;settingsFile&apos; shadows outer variable" cwe="398" file0="frontend/src/lib/Main Window/settingsservice.cpp">
            <location file="frontend/src/lib/Main Window/settingsservice.cpp" line="21" column="22" info="Shadow variable"/>
            <location file="frontend/src/lib/Main Window/settingsservice.cpp" line="16" column="11" info="Shadowed declaration"/>
            <symbol>settingsFile</symbol>
        </error>
        <error id="knownConditionTrueFalse" severity="style" msg="Condition &apos;item&apos; is always true" verbose="Condition &apos;item&apos; is always true" cwe="571" file0="frontend/src/lib/Main Window/table.cpp">
            <location file="frontend/src/lib/Main Window/table.cpp" line="156" column="12" info="Condition &apos;item&apos; is always true"/>
        </error>
        <error id="constVariable" severity="style" msg="Variable &apos;settingsService&apos; can be declared with const" verbose="Variable &apos;settingsService&apos; can be declared with const" cwe="398" file0="frontend/src/lib/Main Window/table.cpp">
            <location file="frontend/src/lib/Main Window/table.cpp" line="122" column="22" info="Variable &apos;settingsService&apos; can be declared with const"/>
            <symbol>settingsService</symbol>
        </error>
        <error id="constParameter" severity="style" msg="Parameter &apos;entry&apos; can be declared with const" verbose="Parameter &apos;entry&apos; can be declared with const" cwe="398" file0="frontend/src/lib/Main Window/table.cpp">
            <location file="frontend/src/lib/Main Window/table.cpp" line="271" column="57" info="Parameter &apos;entry&apos; can be declared with const"/>
            <symbol>entry</symbol>
        </error>
        <error id="useStlAlgorithm" severity="style" msg="Consider using std::transform algorithm instead of a raw loop." verbose="Consider using std::transform algorithm instead of a raw loop." cwe="398" file0="frontend/src/lib/Main Window/table.cpp">
            <location file="frontend/src/lib/Main Window/table.cpp" line="250" column="18"/>
        </error>
        <error id="toomanyconfigs" severity="information" msg="Too many #ifdef configurations - cppcheck only checks 12 of 107 configurations. Use --force to check all configurations." verbose="The checking of the file will be interrupted because there are too many #ifdef configurations. Checking of all #ifdef configurations can be forced by --force command line option or from GUI preferences. However that may increase the checking time." cwe="398">
            <location file="frontend/src/lib/network_service/test_network_service.cpp" line="0" column="0"/>
        </error>
        <error id="preprocessorErrorDirective" severity="error" msg="failed to evaluate #if condition" verbose="failed to evaluate #if condition">
            <location file="frontend/src/lib/network_service/catch.hpp" line="319" column="0"/>
        </error>
        <error id="preprocessorErrorDirective" severity="error" msg="failed to evaluate #if condition" verbose="failed to evaluate #if condition">
            <location file="frontend/src/lib/network_service/catch.hpp" line="8444" column="0"/>
        </error>
        <error id="noValidConfiguration" severity="information" msg="This file is not analyzed. Cppcheck failed to extract a valid configuration. Use -v for more details." verbose="This file is not analyzed. Cppcheck failed to extract a valid configuration. The tested configurations have these preprocessor errors:\012&apos;&apos; : [frontend/src/lib/network_service/catch.hpp:319] failed to evaluate #if condition\012CATCH_ARC_ENABLED=0;CATCH_CONFIG_IMPL_ONLY;__OBJC__ : [frontend/src/lib/network_service/catch.hpp:8444] failed to evaluate #if condition\012CATCH_ARC_ENABLED=0;__OBJC__ : [frontend/src/lib/network_service/catch.hpp:319] failed to evaluate #if condition\012CATCH_CONFIG_ANDROID_LOGWRITE;CATCH_CONFIG_NO_ANDROID_LOGWRITE;CATCH_CONFIG_IMPL_ONLY : [frontend/src/lib/network_service/catch.hpp:8444] failed to evaluate #if condition\012CATCH_CONFIG_COLOUR_ANSI;CATCH_CONFIG_COLOUR_WINDOWS : [frontend/src/lib/network_service/catch.hpp:319] failed to evaluate #if condition\012CATCH_CONFIG_COUNTER;CATCH_CONFIG_NO_COUNTER;CATCH_CONFIG_IMPL_ONLY : [frontend/src/lib/network_service/catch.hpp:8444] failed to evaluate #if condition\012CATCH_CONFIG_CPP11_TO_STRING;CATCH_CONFIG_NO_CPP11_TO_STRING;CATCH_CONFIG_IMPL_ONLY : [frontend/src/lib/network_service/catch.hpp:8444] failed to evaluate #if condition\012CATCH_CONFIG_CPP17_BYTE;CATCH_CONFIG_NO_CPP17_BYTE;CATCH_CONFIG_IMPL_ONLY : [frontend/src/lib/network_service/catch.hpp:8444] failed to evaluate #if condition\012CATCH_CONFIG_CPP17_OPTIONAL;CATCH_CONFIG_NO_CPP17_OPTIONAL;CATCH_CONFIG_IMPL_ONLY : [frontend/src/lib/network_service/catch.hpp:8444] failed to evaluate #if condition\012CATCH_CONFIG_CPP17_STRING_VIEW;CATCH_CONFIG_NO_CPP17_STRING_VIEW;CATCH_CONFIG_IMPL_ONLY : [frontend/src/lib/network_service/catch.hpp:8444] failed to evaluate #if condition\012CATCH_CONFIG_CPP17_UNCAUGHT_EXCEPTIONS;CATCH_CONFIG_NO_CPP17_UNCAUGHT_EXCEPTIONS : [frontend/src/lib/network_service/catch.hpp:319] failed to evaluate #if condition\012CATCH_CONFIG_CPP17_VARIANT;CATCH_CONFIG_IMPL_ONLY : [frontend/src/lib/network_service/catch.hpp:8444] failed to evaluate #if condition\012CATCH_CONFIG_DISABLE;CATCH_CONFIG_DISABLE_MATCHERS;CATCH_CONFIG_IMPL_ONLY : [frontend/src/lib/network_service/catch.hpp:8444] failed to evaluate #if condition\012CATCH_CONFIG_DISABLE;CATCH_CONFIG_DISABLE_MATCHERS;CATCH_CONFIG_IMPL_ONLY;CATCH_CONFIG_PREFIX_ALL : [frontend/src/lib/network_service/catch.hpp:8444] failed to evaluate #if condition\012CATCH_CONFIG_DISABLE;CATCH_CONFIG_DISABLE_STRINGIFICATION;CATCH_CONFIG_IMPL_ONLY : [frontend/src/lib/network_service/catch.hpp:8444] failed to evaluate #if condition\012CATCH_CONFIG_DISABLE;CATCH_CONFIG_ENABLE_BENCHMARKING;CATCH_CONFIG_IMPL_ONLY : [frontend/src/lib/network_service/catch.hpp:8444] failed to evaluate #if condition\012CATCH_CONFIG_DISABLE;CATCH_CONFIG_ENABLE_BENCHMARKING;CATCH_CONFIG_IMPL_ONLY;CATCH_CONFIG_PREFIX_ALL : [frontend/src/lib/network_service/catch.hpp:8444] failed to evaluate #if condition\012CATCH_CONFIG_DISABLE;CATCH_CONFIG_FAST_COMPILE;CATCH_CONFIG_IMPL_ONLY : [frontend/src/lib/network_service/catch.hpp:8444] failed to evaluate #if condition\012CATCH_CONFIG_DISABLE;CATCH_CONFIG_IMPL_ONLY : [frontend/src/lib/network_service/catch.hpp:8444] failed to evaluate #if condition\012CATCH_CONFIG_DISABLE;CATCH_CONFIG_IMPL_ONLY;CATCH_CONFIG_PREFIX_ALL : [frontend/src/lib/network_service/catch.hpp:8444] failed to evaluate #if condition\012CATCH_CONFIG_DISABLE;CATCH_CONFIG_IMPL_ONLY;CATCH_CONFIG_PREFIX_ALL;CATCH_CONFIG_RUNTIME_STATIC_REQUIRE : [frontend/src/lib/network_service/catch.hpp:8444] failed to evaluate #if condition\012CATCH_CONFIG_DISABLE;CATCH_CONFIG_IMPL_ONLY;CATCH_CONFIG_RUNTIME_STATIC_REQUIRE : [frontend/src/lib/network_service/catch.hpp:8444] failed to evaluate #if condition\012CATCH_CONFIG_DISABLE_EXCEPTIONS;CATCH_CONFIG_IMPL_ONLY : [frontend/src/lib/network_service/catch.hpp:8444] failed to evaluate #if condition\012CATCH_CONFIG_DISABLE_EXCEPTIONS_CUSTOM_HANDLER : [frontend/src/lib/network_service/catch.hpp:319] failed to evaluate #if condition\012CATCH_CONFIG_DISABLE_MATCHERS : [frontend/src/lib/network_service/catch.hpp:319] failed to evaluate #if condition\012CATCH_CONFIG_DISABLE_MATCHERS;CATCH_CONFIG_IMPL_ONLY : [frontend/src/lib/network_service/catch.hpp:8444] failed to evaluate #if condition\012CATCH_CONFIG_DISABLE_MATCHERS;CATCH_CONFIG_IMPL_ONLY;CATCH_CONFIG_PREFIX_ALL : [frontend/src/lib/network_service/catch.hpp:8444] failed to evaluate #if condition\012CATCH_CONFIG_DISABLE_MATCHERS;CATCH_CONFIG_IMPL_ONLY;__OBJC__ : [frontend/src/lib/network_service/catch.hpp:8444] failed to evaluate #if condition\012CATCH_CONFIG_ENABLE_ALL_STRINGMAKERS;CATCH_CONFIG_IMPL_ONLY : [frontend/src/lib/network_service/catch.hpp:8444] failed to evaluate #if condition\012CATCH_CONFIG_ENABLE_BENCHMARKING : [frontend/src/lib/network_service/catch.hpp:319] failed to evaluate #if condition\012CATCH_CONFIG_ENABLE_BENCHMARKING;CATCH_CONFIG_IMPL_ONLY : [frontend/src/lib/network_service/catch.hpp:8444] failed to evaluate #if condition\012CATCH_CONFIG_ENABLE_BENCHMARKING;CATCH_CONFIG_IMPL_ONLY;_MSC_VER : [frontend/src/lib/network_service/catch.hpp:8444] failed to evaluate #if condition\012CATCH_CONFIG_ENABLE_BENCHMARKING;CATCH_CONFIG_IMPL_ONLY;__GNUC__;__clang__ : [frontend/src/lib/network_service/catch.hpp:8444] failed to evaluate #if condition\012CATCH_CONFIG_ENABLE_BENCHMARKING;CATCH_CONFIG_IMPL_ONLY;__clang__ : [frontend/src/lib/network_service/catch.hpp:8444] failed to evaluate #if condition\012CATCH_CONFIG_ENABLE_CHRONO_STRINGMAKER : [frontend/src/lib/network_service/catch.hpp:319] failed to evaluate #if condition\012CATCH_CONFIG_EXPERIMENTAL_REDIRECT : [frontend/src/lib/network_service/catch.hpp:319] failed to evaluate #if condition\012CATCH_CONFIG_EXPERIMENTAL_REDIRECT;CATCH_CONFIG_IMPL_ONLY : [frontend/src/lib/network_service/catch.hpp:8444] failed to evaluate #if condition\012CATCH_CONFIG_FALLBACK_STRINGIFIER;CATCH_CONFIG_IMPL_ONLY : [frontend/src/lib/network_service/catch.hpp:8444] failed to evaluate #if condition\012CATCH_CONFIG_GLOBAL_NEXTAFTER;CATCH_CONFIG_NO_GLOBAL_NEXTAFTER;CATCH_CONFIG_IMPL_ONLY : [frontend/src/lib/network_service/catch.hpp:8444] failed to evaluate #if condition\012CATCH_CONFIG_IMPL_ONLY : [frontend/src/lib/network_service/catch.hpp:8444] failed to evaluate #if condition\012CATCH_CONFIG_IMPL_ONLY;CATCH_CONFIG_NEW_CAPTURE;CATCH_CONFIG_NO_NEW_CAPTURE : [frontend/src/lib/network_service/catch.hpp:8444] failed to evaluate #if condition\012CATCH_CONFIG_IMPL_ONLY;CATCH_CONFIG_NO_POLYFILL_ISNAN;CATCH_CONFIG_POLYFILL_ISNAN : [frontend/src/lib/network_service/catch.hpp:8444] failed to evaluate #if condition\012CATCH_CONFIG_IMPL_ONLY;CATCH_CONFIG_NO_POSIX_SIGNALS;CATCH_CONFIG_POSIX_SIGNALS : [frontend/src/lib/network_service/catch.hpp:8444] failed to evaluate #if condition\012CATCH_CONFIG_IMPL_ONLY;CATCH_CONFIG_NO_TRADITIONAL_MSVC_PREPROCESSOR;CATCH_CONFIG_TRADITIONAL_MSVC_PREPROCESSOR : [frontend/src/lib/network_service/catch.hpp:8444] failed to evaluate #if condition\012CATCH_CONFIG_IMPL_ONLY;CATCH_CONFIG_NO_USE_ASYNC;CATCH_CONFIG_USE_ASYNC : [frontend/src/lib/network_service/catch.hpp:8444] failed to evaluate #if condition\012CATCH_CONFIG_IMPL_ONLY;CATCH_CONFIG_NO_WCHAR;CATCH_CONFIG_WCHAR : [frontend/src/lib/network_service/catch.hpp:8444] failed to evaluate #if condition\012CATCH_CONFIG_IMPL_ONLY;CATCH_CONFIG_NO_WINDOWS_SEH;CATCH_CONFIG_WINDOWS_SEH : [frontend/src/lib/network_service/catch.hpp:8444] failed to evaluate #if condition\012CATCH_CONFIG_IMPL_ONLY;CATCH_CONFIG_PREFIX_ALL : [frontend/src/lib/network_service/catch.hpp:8444] failed to evaluate #if condition\012CATCH_CONFIG_IMPL_ONLY;RTX64_BUILD;UNDER_RTSS : [frontend/src/lib/network_service/catch.hpp:8444] failed to evaluate #if condition\012CATCH_CONFIG_IMPL_ONLY;TARGET_OS_IPHONE;__APPLE__ : [frontend/src/lib/network_service/catch.hpp:8444] failed to evaluate #if condition\012CATCH_CONFIG_IMPL_ONLY;TARGET_OS_MAC;TARGET_OS_OSX;__APPLE__ : [frontend/src/lib/network_service/catch.hpp:8444] failed to evaluate #if condition\012CATCH_CONFIG_IMPL_ONLY;WIN32;_MSC_VER;_WIN32;__MINGW32__;__WIN32__ : [frontend/src/lib/network_service/catch.hpp:8444] failed to evaluate #if condition\012CATCH_CONFIG_IMPL_ONLY;WINAPI_FAMILY;_MSC_VER : [frontend/src/lib/network_service/catch.hpp:8444] failed to evaluate #if condition\012CATCH_CONFIG_IMPL_ONLY;_CPPUNWIND;__EXCEPTIONS;__cpp_exceptions : [frontend/src/lib/network_service/catch.hpp:8444] failed to evaluate #if condition\012CATCH_CONFIG_IMPL_ONLY;_GLIBCXX_RELEASE;__GLIBCXX__;__clang__;__has_include : [frontend/src/lib/network_service/catch.hpp:8444] failed to evaluate #if condition\012CATCH_CONFIG_IMPL_ONLY;_GLIBCXX_USE_C99_MATH_TR1 : [frontend/src/lib/network_service/catch.hpp:8444] failed to evaluate #if condition\012CATCH_CONFIG_IMPL_ONLY;_MANAGED : [frontend/src/lib/network_service/catch.hpp:8444] failed to evaluate #if condition\012CATCH_CONFIG_IMPL_ONLY;_MSC_VER : [frontend/src/lib/network_service/catch.hpp:8444] failed to evaluate #if condition\012CATCH_CONFIG_IMPL_ONLY;_MSC_VER;_MSVC_TRADITIONAL;__clang__ : [frontend/src/lib/network_service/catch.hpp:8444] failed to evaluate #if condition\012CATCH_CONFIG_IMPL_ONLY;_MSC_VER;_REENTRANT : [frontend/src/lib/network_service/catch.hpp:8444] failed to evaluate #if condition\012CATCH_CONFIG_IMPL_ONLY;_MSC_VER;__clang__ : [frontend/src/lib/network_service/catch.hpp:8444] failed to evaluate #if condition\012CATCH_CONFIG_IMPL_ONLY;_MSVC_LANG : [frontend/src/lib/network_service/catch.hpp:8444] failed to evaluate #if condition\012CATCH_CONFIG_IMPL_ONLY;__ANDROID__ : [frontend/src/lib/network_service/catch.hpp:8444] failed to evaluate #if condition\012CATCH_CONFIG_IMPL_ONLY;__APPLE__ : [frontend/src/lib/network_service/catch.hpp:8444] failed to evaluate #if condition\012CATCH_CONFIG_IMPL_ONLY;__APPLE__;__apple_build_version__ : [frontend/src/lib/network_service/catch.hpp:8444] failed to evaluate #if condition\012CATCH_CONFIG_IMPL_ONLY;__BORLANDC__ : [frontend/src/lib/network_service/catch.hpp:8444] failed to evaluate #if condition\012CATCH_CONFIG_IMPL_ONLY;__CUDACC__;__GNUC__;__ICC;__LCC__;__clang__ : [frontend/src/lib/network_service/catch.hpp:8444] failed to evaluate #if condition\012CATCH_CONFIG_IMPL_ONLY;__CUDACC__;__ibmxl__;__clang__ : [frontend/src/lib/network_service/catch.hpp:8444] failed to evaluate #if condition\012CATCH_CONFIG_IMPL_ONLY;__CYGWIN__ : [frontend/src/lib/network_service/catch.hpp:8444] failed to evaluate #if condition\012CATCH_CONFIG_IMPL_ONLY;__CYGWIN__;__DJGPP__;__EMSCRIPTEN__;__QNX__ : [frontend/src/lib/network_service/catch.hpp:8444] failed to evaluate #if condition\012CATCH_CONFIG_IMPL_ONLY;__DJGPP__ : [frontend/src/lib/network_service/catch.hpp:8444] failed to evaluate #if condition\012CATCH_CONFIG_IMPL_ONLY;__JETBRAINS_IDE__ : [frontend/src/lib/network_service/catch.hpp:8444] failed to evaluate #if condition\012CATCH_CONFIG_IMPL_ONLY;__MINGW32__ : [frontend/src/lib/network_service/catch.hpp:8444] failed to evaluate #if condition\012CATCH_CONFIG_IMPL_ONLY;__OBJC__ : [frontend/src/lib/network_service/catch.hpp:8444] failed to evaluate #if condition\012CATCH_CONFIG_IMPL_ONLY;__OBJC__;__clang__ : [frontend/src/lib/network_service/catch.hpp:8444] failed to evaluate #if condition\012CATCH_CONFIG_IMPL_ONLY;__OBJC__;__has_feature : [frontend/src/lib/network_service/catch.hpp:8444] failed to evaluate #if condition\012CATCH_CONFIG_IMPL_ONLY;__ORBIS__ : [frontend/src/lib/network_service/catch.hpp:8444] failed to evaluate #if condition\012CATCH_CONFIG_IMPL_ONLY;__OS400__ : [frontend/src/lib/network_service/catch.hpp:8444] failed to evaluate #if condition\012CATCH_CONFIG_IMPL_ONLY;__clang__ : [frontend/src/lib/network_service/catch.hpp:8444] failed to evaluate #if condition\012CATCH_CONFIG_IMPL_ONLY;__clang__;__has_include : [frontend/src/lib/network_service/catch.hpp:8444] failed to evaluate #if condition\012CATCH_CONFIG_IMPL_ONLY;__cpp_lib_byte;__has_include : [frontend/src/lib/network_service/catch.hpp:8444] failed to evaluate #if condition\012CATCH_CONFIG_IMPL_ONLY;__cpp_lib_is_invocable : [frontend/src/lib/network_service/catch.hpp:8444] failed to evaluate #if condition\012CATCH_CONFIG_IMPL_ONLY;__has_include : [frontend/src/lib/network_service/catch.hpp:8444] failed to evaluate #if condition\012CATCH_CONFIG_IMPL_ONLY;__linux;__linux__;linux : [frontend/src/lib/network_service/catch.hpp:8444] failed to evaluate #if condition\012CATCH_CONFIG_NO_NOMINMAX;NOMINMAX : [frontend/src/lib/network_service/catch.hpp:319] failed to evaluate #if condition\012CATCH_CONFIG_NO_WIN32_LEAN_AND_MEAN;WIN32_LEAN_AND_MEAN : [frontend/src/lib/network_service/catch.hpp:319] failed to evaluate #if condition\012CATCH_CONFIG_RUNNER : [frontend/src/lib/network_service/catch.hpp:319] failed to evaluate #if condition\012CATCH_CONFIG_WINDOWS_CRTDBG : [frontend/src/lib/network_service/catch.hpp:319] failed to evaluate #if condition\012CLARA_CONFIG_CONSOLE_WIDTH : [frontend/src/lib/network_service/catch.hpp:319] failed to evaluate #if condition\012DO_NOT_USE_WMAIN;_UNICODE : [frontend/src/lib/network_service/catch.hpp:319] failed to evaluate #if condition\012UNICODE;_WIN32 : [frontend/src/lib/network_service/catch.hpp:319] failed to evaluate #if condition\012WIN32;_MSC_VER;_WIN32;__WIN32__ : [frontend/src/lib/network_service/catch.hpp:319] failed to evaluate #if condition\012_MSC_VER : [frontend/src/lib/network_service/catch.hpp:319] failed to evaluate #if condition\012__AFXDLL : [frontend/src/lib/network_service/catch.hpp:319] failed to evaluate #if condition\012__GNUC__ : [frontend/src/lib/network_service/catch.hpp:319] failed to evaluate #if condition\012__GNUC__;__i386;__x86_64 : [frontend/src/lib/network_service/catch.hpp:319] failed to evaluate #if condition\012__GNUG__ : [frontend/src/lib/network_service/catch.hpp:319] failed to evaluate #if condition\012__ICC;__clang__ : [frontend/src/lib/network_service/catch.hpp:319] failed to evaluate #if condition\012__MINGW32__ : [frontend/src/lib/network_service/catch.hpp:319] failed to evaluate #if condition\012__OBJC__ : [frontend/src/lib/network_service/catch.hpp:319] failed to evaluate #if condition\012__aarch64__ : [frontend/src/lib/network_service/catch.hpp:319] failed to evaluate #if condition\012__apple_build_version__ : [frontend/src/lib/network_service/catch.hpp:319] failed to evaluate #if condition\012__arm__;__thumb__ : [frontend/src/lib/network_service/catch.hpp:319] failed to evaluate #if condition\012__clang__ : [frontend/src/lib/network_service/catch.hpp:319] failed to evaluate #if condition\012__cpp_lib_uncaught_exceptions : [frontend/src/lib/network_service/catch.hpp:319] failed to evaluate #if condition\012__has_include : [frontend/src/lib/network_service/catch.hpp:319] failed to evaluate #if condition\012__i386__;__x86_64__ : [frontend/src/lib/network_service/catch.hpp:319] failed to evaluate #if condition" file0="frontend/src/lib/network_service/test_network_service.cpp">
            <location file="frontend/src/lib/network_service/test_network_service.cpp" line="0" column="0"/>
        </error>
        <error id="ctunullpointer" severity="warning" msg="Null pointer dereference: file" verbose="Null pointer dereference: file" cwe="476">
            <location file="frontend/src/lib/Main Window/fmt/test/gtest/gmock-gtest-all.cc" line="11542" column="9" info="Dereferencing argument file that is null"/>
            <location file="frontend/src/lib/Main Window/fmt/test/gtest/gmock-gtest-all.cc" line="11547" column="28" info="Calling function GetFileSize, 1st argument is null"/>
            <location file="frontend/src/lib/Main Window/fmt/test/gtest/gmock-gtest-all.cc" line="8028" column="38" info="Calling function ReadEntireFile, 1st argument is null"/>
            <location file="frontend/src/lib/Main Window/fmt/test/gtest/gmock-gtest-all.cc" line="8024" column="7" info="Assuming that condition &apos;!flagfile&apos; is not redundant"/>
        </error>
        <error id="unusedFunction" severity="style" msg="The function &apos;CaptureStderr&apos; is never used." verbose="The function &apos;CaptureStderr&apos; is never used." cwe="561">
            <location file="frontend/src/lib/Main Window/fmt/test/gtest/gmock-gtest-all.cc" line="11521" column="0"/>
            <symbol>CaptureStderr</symbol>
        </error>
        <error id="unusedFunction" severity="style" msg="The function &apos;CaptureStdout&apos; is never used." verbose="The function &apos;CaptureStdout&apos; is never used." cwe="561">
            <location file="frontend/src/lib/Main Window/fmt/test/gtest/gmock-gtest-all.cc" line="11516" column="0"/>
            <symbol>CaptureStdout</symbol>
        </error>
        <error id="unusedFunction" severity="style" msg="The function &apos;CaseInsensitiveWideCStringEquals&apos; is never used." verbose="The function &apos;CaseInsensitiveWideCStringEquals&apos; is never used." cwe="561">
            <location file="frontend/src/lib/Main Window/fmt/test/gtest/gmock-gtest-all.cc" line="3588" column="0"/>
            <symbol>CaseInsensitiveWideCStringEquals</symbol>
        </error>
        <error id="unusedFunction" severity="style" msg="The function &apos;ClearAdHocTestResult&apos; is never used." verbose="The function &apos;ClearAdHocTestResult&apos; is never used." cwe="561">
            <location file="frontend/src/lib/Main Window/fmt/test/gtest/gmock-gtest-all.cc" line="1135" column="0"/>
            <symbol>ClearAdHocTestResult</symbol>
        </error>
        <error id="unusedFunction" severity="style" msg="The function &apos;CmpHelperSTRCASEEQ&apos; is never used." verbose="The function &apos;CmpHelperSTRCASEEQ&apos; is never used." cwe="561">
            <location file="frontend/src/lib/Main Window/fmt/test/gtest/gmock-gtest-all.cc" line="3167" column="0"/>
            <symbol>CmpHelperSTRCASEEQ</symbol>
        </error>
        <error id="unusedFunction" severity="style" msg="The function &apos;CmpHelperSTRCASENE&apos; is never used." verbose="The function &apos;CmpHelperSTRCASENE&apos; is never used." cwe="561">
            <location file="frontend/src/lib/Main Window/fmt/test/gtest/gmock-gtest-all.cc" line="3197" column="0"/>
            <symbol>CmpHelperSTRCASENE</symbol>
        </error>
        <error id="unusedFunction" severity="style" msg="The function &apos;CmpHelperSTREQ&apos; is never used." verbose="The function &apos;CmpHelperSTREQ&apos; is never used." cwe="561">
            <location file="frontend/src/lib/Main Window/fmt/test/gtest/gmock-gtest-all.cc" line="3151" column="0"/>
            <symbol>CmpHelperSTREQ</symbol>
        </error>
        <error id="unusedFunction" severity="style" msg="The function &apos;CmpHelperSTRNE&apos; is never used." verbose="The function &apos;CmpHelperSTRNE&apos; is never used." cwe="561">
            <location file="frontend/src/lib/Main Window/fmt/test/gtest/gmock-gtest-all.cc" line="3183" column="0"/>
            <symbol>CmpHelperSTRNE</symbol>
        </error>
        <error id="unusedFunction" severity="style" msg="The function &apos;DoubleLE&apos; is never used." verbose="The function &apos;DoubleLE&apos; is never used." cwe="561">
            <location file="frontend/src/lib/Main Window/fmt/test/gtest/gmock-gtest-all.cc" line="3143" column="0"/>
            <symbol>DoubleLE</symbol>
        </error>
        <error id="unusedFunction" severity="style" msg="The function &apos;DoubleNearPredFormat&apos; is never used." verbose="The function &apos;DoubleNearPredFormat&apos; is never used." cwe="561">
            <location file="frontend/src/lib/Main Window/fmt/test/gtest/gmock-gtest-all.cc" line="3054" column="0"/>
            <symbol>DoubleNearPredFormat</symbol>
        </error>
        <error id="unusedFunction" severity="style" msg="The function &apos;EscapeXmlText&apos; is never used." verbose="The function &apos;EscapeXmlText&apos; is never used." cwe="561">
            <location file="frontend/src/lib/Main Window/fmt/test/gtest/gmock-gtest-all.cc" line="5408" column="0"/>
            <symbol>EscapeXmlText</symbol>
        </error>
        <error id="unusedFunction" severity="style" msg="The function &apos;EventForwardingEnabled&apos; is never used." verbose="The function &apos;EventForwardingEnabled&apos; is never used." cwe="561">
            <location file="frontend/src/lib/Main Window/fmt/test/gtest/gmock-gtest-all.cc" line="6597" column="0"/>
            <symbol>EventForwardingEnabled</symbol>
        </error>
        <error id="unusedFunction" severity="style" msg="The function &apos;FloatLE&apos; is never used." verbose="The function &apos;FloatLE&apos; is never used." cwe="561">
            <location file="frontend/src/lib/Main Window/fmt/test/gtest/gmock-gtest-all.cc" line="3136" column="0"/>
            <symbol>FloatLE</symbol>
        </error>
        <error id="unusedFunction" severity="style" msg="The function &apos;GET&apos; is never used." verbose="The function &apos;GET&apos; is never used." cwe="561">
            <location file="frontend/src/lib/network_service/NetworkService.cpp" line="34" column="0"/>
            <symbol>GET</symbol>
        </error>
        <error id="unusedFunction" severity="style" msg="The function &apos;GetCapturedStderr&apos; is never used." verbose="The function &apos;GetCapturedStderr&apos; is never used." cwe="561">
            <location file="frontend/src/lib/Main Window/fmt/test/gtest/gmock-gtest-all.cc" line="11531" column="0"/>
            <symbol>GetCapturedStderr</symbol>
        </error>
        <error id="unusedFunction" severity="style" msg="The function &apos;GetCapturedStdout&apos; is never used." verbose="The function &apos;GetCapturedStdout&apos; is never used." cwe="561">
            <location file="frontend/src/lib/Main Window/fmt/test/gtest/gmock-gtest-all.cc" line="11526" column="0"/>
            <symbol>GetCapturedStdout</symbol>
        </error>
        <error id="unusedFunction" severity="style" msg="The function &apos;GetCurrentDir&apos; is never used." verbose="The function &apos;GetCurrentDir&apos; is never used." cwe="561">
            <location file="frontend/src/lib/Main Window/fmt/test/gtest/gmock-gtest-all.cc" line="9965" column="0"/>
            <symbol>GetCurrentDir</symbol>
        </error>
        <error id="unusedFunction" severity="style" msg="The function &apos;GetCurrentOsStackTraceExceptTop&apos; is never used." verbose="The function &apos;GetCurrentOsStackTraceExceptTop&apos; is never used." cwe="561">
            <location file="frontend/src/lib/Main Window/fmt/test/gtest/gmock-gtest-all.cc" line="7716" column="0"/>
            <symbol>GetCurrentOsStackTraceExceptTop</symbol>
        </error>
        <error id="unusedFunction" severity="style" msg="The function &apos;GetMutableTestSuite&apos; is never used." verbose="The function &apos;GetMutableTestSuite&apos; is never used." cwe="561">
            <location file="frontend/src/lib/Main Window/fmt/test/gtest/gmock-gtest-all.cc" line="6739" column="0"/>
            <symbol>GetMutableTestSuite</symbol>
        </error>
        <error id="unusedFunction" severity="style" msg="The function &apos;GetThreadCount&apos; is never used." verbose="The function &apos;GetThreadCount&apos; is never used." cwe="561">
            <location file="frontend/src/lib/Main Window/fmt/test/gtest/gmock-gtest-all.cc" line="10601" column="0"/>
            <symbol>GetThreadCount</symbol>
        </error>
        <error id="unusedFunction" severity="style" msg="The function &apos;IsNotSubstring&apos; is never used." verbose="The function &apos;IsNotSubstring&apos; is never used." cwe="561">
            <location file="frontend/src/lib/Main Window/fmt/test/gtest/gmock-gtest-all.cc" line="3280" column="0"/>
            <symbol>IsNotSubstring</symbol>
        </error>
        <error id="unusedFunction" severity="style" msg="The function &apos;IsRootDirectory&apos; is never used." verbose="The function &apos;IsRootDirectory&apos; is never used." cwe="561">
            <location file="frontend/src/lib/Main Window/fmt/test/gtest/gmock-gtest-all.cc" line="10121" column="0"/>
            <symbol>IsRootDirectory</symbol>
        </error>
        <error id="unusedFunction" severity="style" msg="The function &apos;IsSubstring&apos; is never used." verbose="The function &apos;IsSubstring&apos; is never used." cwe="561">
            <location file="frontend/src/lib/Main Window/fmt/test/gtest/gmock-gtest-all.cc" line="3268" column="0"/>
            <symbol>IsSubstring</symbol>
        </error>
        <error id="unusedFunction" severity="style" msg="The function &apos;RemoveExtension&apos; is never used." verbose="The function &apos;RemoveExtension&apos; is never used." cwe="561">
            <location file="frontend/src/lib/Main Window/fmt/test/gtest/gmock-gtest-all.cc" line="9992" column="0"/>
            <symbol>RemoveExtension</symbol>
        </error>
        <error id="unusedFunction" severity="style" msg="The function &apos;ReportFailureInUnknownLocation&apos; is never used." verbose="The function &apos;ReportFailureInUnknownLocation&apos; is never used." cwe="561">
            <location file="frontend/src/lib/Main Window/fmt/test/gtest/gmock-gtest-all.cc" line="3946" column="0"/>
            <symbol>ReportFailureInUnknownLocation</symbol>
        </error>
        <error id="unusedFunction" severity="style" msg="The function &apos;SuppressEventForwarding&apos; is never used." verbose="The function &apos;SuppressEventForwarding&apos; is never used." cwe="561">
            <location file="frontend/src/lib/Main Window/fmt/test/gtest/gmock-gtest-all.cc" line="6601" column="0"/>
            <symbol>SuppressEventForwarding</symbol>
        </error>
        <error id="unusedFunction" severity="style" msg="The function &apos;TempDir&apos; is never used." verbose="The function &apos;TempDir&apos; is never used." cwe="561">
            <location file="frontend/src/lib/Main Window/fmt/test/gtest/gmock-gtest-all.cc" line="8185" column="0"/>
            <symbol>TempDir</symbol>
        </error>
        <error id="unusedFunction" severity="style" msg="The function &apos;VerifyRegisteredTestNames&apos; is never used." verbose="The function &apos;VerifyRegisteredTestNames&apos; is never used." cwe="561">
            <location file="frontend/src/lib/Main Window/fmt/test/gtest/gmock-gtest-all.cc" line="12423" column="0"/>
            <symbol>VerifyRegisteredTestNames</symbol>
        </error>
        <error id="unusedFunction" severity="style" msg="The function &apos;commonPile&apos; is never used." verbose="The function &apos;commonPile&apos; is never used." cwe="561">
            <location file="backend/src/lib/game/game.cpp" line="51" column="0"/>
            <symbol>commonPile</symbol>
        </error>
        <error id="unusedFunction" severity="style" msg="The function &apos;current_test_case&apos; is never used." verbose="The function &apos;current_test_case&apos; is never used." cwe="561">
            <location file="frontend/src/lib/Main Window/fmt/test/gtest/gmock-gtest-all.cc" line="6951" column="0"/>
            <symbol>current_test_case</symbol>
        </error>
        <error id="unusedFunction" severity="style" msg="The function &apos;failed_test_case_count&apos; is never used." verbose="The function &apos;failed_test_case_count&apos; is never used." cwe="561">
            <location file="frontend/src/lib/Main Window/fmt/test/gtest/gmock-gtest-all.cc" line="6654" column="0"/>
            <symbol>failed_test_case_count</symbol>
        </error>
        <error id="unusedFunction" severity="style" msg="The function &apos;format_as&apos; is never used." verbose="The function &apos;format_as&apos; is never used." cwe="561">
            <location file="frontend/src/lib/Main Window/fmt/test/ranges-test.cc" line="232" column="0"/>
            <symbol>format_as</symbol>
        </error>
        <error id="unusedFunction" severity="style" msg="The function &apos;getCardId&apos; is never used." verbose="The function &apos;getCardId&apos; is never used." cwe="561">
            <location file="frontend/src/lib/Main Window/cardwidget.cpp" line="26" column="0"/>
            <symbol>getCardId</symbol>
        </error>
        <error id="unusedFunction" severity="style" msg="The function &apos;loadActiveGames&apos; is never used." verbose="The function &apos;loadActiveGames&apos; is never used." cwe="561">
            <location file="frontend/src/lib/Main Window/lobby.cpp" line="87" column="0"/>
            <symbol>loadActiveGames</symbol>
        </error>
        <error id="unusedFunction" severity="style" msg="The function &apos;make_message_cpp&apos; is never used." verbose="The function &apos;make_message_cpp&apos; is never used." cwe="561">
            <location file="frontend/src/lib/Main Window/fmt/test/cuda-test/cpp14.cc" line="9" column="0"/>
            <symbol>make_message_cpp</symbol>
        </error>
        <error id="unusedFunction" severity="style" msg="The function &apos;on_back_clicked&apos; is never used." verbose="The function &apos;on_back_clicked&apos; is never used." cwe="561">
            <location file="frontend/src/lib/Main Window/settings.cpp" line="32" column="0"/>
            <symbol>on_back_clicked</symbol>
        </error>
        <error id="unusedFunction" severity="style" msg="The function &apos;on_exit_clicked&apos; is never used." verbose="The function &apos;on_exit_clicked&apos; is never used." cwe="561">
            <location file="frontend/src/lib/Main Window/mainwindow.cpp" line="46" column="0"/>
            <symbol>on_exit_clicked</symbol>
        </error>
        <error id="unusedFunction" severity="style" msg="The function &apos;on_hsCard_sliderMoved&apos; is never used." verbose="The function &apos;on_hsCard_sliderMoved&apos; is never used." cwe="561">
            <location file="frontend/src/lib/Main Window/settings.cpp" line="55" column="0"/>
            <symbol>on_hsCard_sliderMoved</symbol>
        </error>
        <error id="unusedFunction" severity="style" msg="The function &apos;on_hsStory_sliderMoved&apos; is never used." verbose="The function &apos;on_hsStory_sliderMoved&apos; is never used." cwe="561">
            <location file="frontend/src/lib/Main Window/settings.cpp" line="39" column="0"/>
            <symbol>on_hsStory_sliderMoved</symbol>
        </error>
        <error id="unusedFunction" severity="style" msg="The function &apos;on_hsVoting_sliderMoved&apos; is never used." verbose="The function &apos;on_hsVoting_sliderMoved&apos; is never used." cwe="561">
            <location file="frontend/src/lib/Main Window/settings.cpp" line="70" column="0"/>
            <symbol>on_hsVoting_sliderMoved</symbol>
        </error>
        <error id="unusedFunction" severity="style" msg="The function &apos;on_joinGame_clicked&apos; is never used." verbose="The function &apos;on_joinGame_clicked&apos; is never used." cwe="561">
            <location file="frontend/src/lib/Main Window/mainwindow.cpp" line="38" column="0"/>
            <symbol>on_joinGame_clicked</symbol>
        </error>
        <error id="unusedFunction" severity="style" msg="The function &apos;on_leStory_textChanged&apos; is never used." verbose="The function &apos;on_leStory_textChanged&apos; is never used." cwe="561">
            <location file="frontend/src/lib/Main Window/table.cpp" line="263" column="0"/>
            <symbol>on_leStory_textChanged</symbol>
        </error>
        <error id="unusedFunction" severity="style" msg="The function &apos;on_lnUsername_textChanged&apos; is never used." verbose="The function &apos;on_lnUsername_textChanged&apos; is never used." cwe="561">
            <location file="frontend/src/lib/Main Window/settings.cpp" line="92" column="0"/>
            <symbol>on_lnUsername_textChanged</symbol>
        </error>
        <error id="unusedFunction" severity="style" msg="The function &apos;on_newGame_clicked&apos; is never used." verbose="The function &apos;on_newGame_clicked&apos; is never used." cwe="561">
            <location file="frontend/src/lib/Main Window/mainwindow.cpp" line="52" column="0"/>
            <symbol>on_newGame_clicked</symbol>
        </error>
        <error id="unusedFunction" severity="style" msg="The function &apos;on_options_clicked&apos; is never used." verbose="The function &apos;on_options_clicked&apos; is never used." cwe="561">
            <location file="frontend/src/lib/Main Window/mainwindow.cpp" line="30" column="0"/>
            <symbol>on_options_clicked</symbol>
        </error>
        <error id="unusedFunction" severity="style" msg="The function &apos;on_pbBack_clicked&apos; is never used." verbose="The function &apos;on_pbBack_clicked&apos; is never used." cwe="561">
            <location file="frontend/src/lib/Main Window/hostgame.cpp" line="40" column="0"/>
            <symbol>on_pbBack_clicked</symbol>
        </error>
        <error id="unusedFunction" severity="style" msg="The function &apos;on_pbJoin_pressed&apos; is never used." verbose="The function &apos;on_pbJoin_pressed&apos; is never used." cwe="561">
            <location file="frontend/src/lib/Main Window/lobby.cpp" line="48" column="0"/>
            <symbol>on_pbJoin_pressed</symbol>
        </error>
        <error id="unusedFunction" severity="style" msg="The function &apos;on_pushButton_clicked&apos; is never used." verbose="The function &apos;on_pushButton_clicked&apos; is never used." cwe="561">
            <location file="frontend/src/lib/Main Window/hostgame.cpp" line="46" column="0"/>
            <symbol>on_pushButton_clicked</symbol>
        </error>
        <error id="unusedFunction" severity="style" msg="The function &apos;on_save_clicked&apos; is never used." verbose="The function &apos;on_save_clicked&apos; is never used." cwe="561">
            <location file="frontend/src/lib/Main Window/settings.cpp" line="98" column="0"/>
            <symbol>on_save_clicked</symbol>
        </error>
        <error id="unusedFunction" severity="style" msg="The function &apos;on_sbPlayers_valueChanged&apos; is never used." verbose="The function &apos;on_sbPlayers_valueChanged&apos; is never used." cwe="561">
            <location file="frontend/src/lib/Main Window/settings.cpp" line="85" column="0"/>
            <symbol>on_sbPlayers_valueChanged</symbol>
        </error>
        <error id="unusedFunction" severity="style" msg="The function &apos;removePlayer&apos; is never used." verbose="The function &apos;removePlayer&apos; is never used." cwe="561">
            <location file="backend/src/lib/game/game.cpp" line="104" column="0"/>
            <symbol>removePlayer</symbol>
        </error>
        <error id="unusedFunction" severity="style" msg="The function &apos;run_double_tests &lt; true &gt;&apos; is never used." verbose="The function &apos;run_double_tests &lt; true &gt;&apos; is never used." cwe="561">
            <location file="frontend/src/lib/Main Window/fmt/test/format-impl-test.cc" line="174" column="0"/>
            <symbol>run_double_tests &lt; true &gt;</symbol>
        </error>
        <error id="unusedFunction" severity="style" msg="The function &apos;set_os_stack_trace_getter&apos; is never used." verbose="The function &apos;set_os_stack_trace_getter&apos; is never used." cwe="561">
            <location file="frontend/src/lib/Main Window/fmt/test/gtest/gmock-gtest-all.cc" line="7646" column="0"/>
            <symbol>set_os_stack_trace_getter</symbol>
        </error>
        <error id="unusedFunction" severity="style" msg="The function &apos;sizeHint&apos; is never used." verbose="The function &apos;sizeHint&apos; is never used." cwe="561">
            <location file="frontend/src/lib/Chat/Chat.cpp" line="9" column="0"/>
            <symbol>sizeHint</symbol>
        </error>
        <error id="unusedFunction" severity="style" msg="The function &apos;successful_test_case_count&apos; is never used." verbose="The function &apos;successful_test_case_count&apos; is never used." cwe="561">
            <location file="frontend/src/lib/Main Window/fmt/test/gtest/gmock-gtest-all.cc" line="6651" column="0"/>
            <symbol>successful_test_case_count</symbol>
        </error>
        <error id="unusedFunction" severity="style" msg="The function &apos;test_case_to_run_count&apos; is never used." verbose="The function &apos;test_case_to_run_count&apos; is never used." cwe="561">
            <location file="frontend/src/lib/Main Window/fmt/test/gtest/gmock-gtest-all.cc" line="6660" column="0"/>
            <symbol>test_case_to_run_count</symbol>
        </error>
        <error id="unusedFunction" severity="style" msg="The function &apos;total_test_case_count&apos; is never used." verbose="The function &apos;total_test_case_count&apos; is never used." cwe="561">
            <location file="frontend/src/lib/Main Window/fmt/test/gtest/gmock-gtest-all.cc" line="6657" column="0"/>
            <symbol>total_test_case_count</symbol>
        </error>
        <error id="unusedFunction" severity="style" msg="The function &apos;votes&apos; is never used." verbose="The function &apos;votes&apos; is never used." cwe="561">
            <location file="backend/src/lib/game/game.cpp" line="55" column="0"/>
            <symbol>votes</symbol>
        </error>
        <error id="unusedFunction" severity="style" msg="The function &apos;vwindows_error&apos; is never used." verbose="The function &apos;vwindows_error&apos; is never used." cwe="561">
            <location file="frontend/src/lib/Main Window/fmt/src/os.cc" line="159" column="0"/>
            <symbol>vwindows_error</symbol>
        </error>
        <error id="missingInclude" severity="information" msg="Cppcheck cannot find all the include files (use --check-config for details)" verbose="Cppcheck cannot find all the include files. Cppcheck can check the code without the include files found. But the results will probably be more accurate if all the include files are found. Please check your project&apos;s include directories and add all of them as include directories for Cppcheck. To see what files Cppcheck cannot find use --check-config."/>
    </errors>
</results>
